<?xml version="1.0" encoding="UTF-8"?>
<testng-results ignored="0" total="7" passed="7" failed="0" skipped="0">
  <reporter-output>
  </reporter-output>
  <suite started-at="2025-01-21T14:11:38 IST" name="Default suite" finished-at="2025-01-21T14:11:39 IST" duration-ms="685">
    <groups>
      <group name="cucumber">
        <method signature="AbstractTestNGCucumberTests.runScenario(io.cucumber.testng.PickleWrapper,io.cucumber.testng.FeatureWrapper)[pri:0, instance:testRunner.RunnerClass@5aebe890]" name="runScenario" class="io.cucumber.testng.AbstractTestNGCucumberTests"/>
      </group> <!-- cucumber -->
    </groups>
    <test started-at="2025-01-21T14:11:38 IST" name="Default test" finished-at="2025-01-21T14:11:39 IST" duration-ms="685">
      <class name="testRunner.RunnerClass">
        <test-method is-config="true" signature="setUpClass(org.testng.ITestContext)[pri:0, instance:testRunner.RunnerClass@5aebe890]" started-at="2025-01-21T14:11:38 IST" name="setUpClass" finished-at="2025-01-21T14:11:38 IST" duration-ms="442" status="PASS">
          <params>
            <param index="0">
              <value>
                <![CDATA[org.testng.TestRunner@5af5def9]]>
              </value>
            </param>
          </params>
          <reporter-output>
          </reporter-output>
        </test-method> <!-- setUpClass -->
        <test-method signature="runScenario(io.cucumber.testng.PickleWrapper,io.cucumber.testng.FeatureWrapper)[pri:0, instance:testRunner.RunnerClass@5aebe890]" started-at="2025-01-21T14:11:39 IST" name="runScenario" description="Runs Cucumber Scenarios" data-provider="scenarios" finished-at="2025-01-21T14:11:39 IST" duration-ms="74" status="PASS">
          <params>
            <param index="0">
              <value>
                <![CDATA["Validation of New Insurance Fields without Details"]]>
              </value>
            </param>
            <param index="1">
              <value>
                <![CDATA["TC10_NewInsurance Field - Negative Scenarios"]]>
              </value>
            </param>
          </params>
          <reporter-output>
          </reporter-output>
        </test-method> <!-- runScenario -->
        <test-method signature="runScenario(io.cucumber.testng.PickleWrapper,io.cucumber.testng.FeatureWrapper)[pri:0, instance:testRunner.RunnerClass@5aebe890]" started-at="2025-01-21T14:11:39 IST" name="runScenario" description="Runs Cucumber Scenarios" data-provider="scenarios" finished-at="2025-01-21T14:11:39 IST" duration-ms="13" status="PASS">
          <params>
            <param index="0">
              <value>
                <![CDATA["Validation of New Insurance Fields without Details"]]>
              </value>
            </param>
            <param index="1">
              <value>
                <![CDATA["TC10_NewInsurance Field - Negative Scenarios"]]>
              </value>
            </param>
          </params>
          <reporter-output>
          </reporter-output>
        </test-method> <!-- runScenario -->
        <test-method signature="runScenario(io.cucumber.testng.PickleWrapper,io.cucumber.testng.FeatureWrapper)[pri:0, instance:testRunner.RunnerClass@5aebe890]" started-at="2025-01-21T14:11:39 IST" name="runScenario" description="Runs Cucumber Scenarios" data-provider="scenarios" finished-at="2025-01-21T14:11:39 IST" duration-ms="12" status="PASS">
          <params>
            <param index="0">
              <value>
                <![CDATA["Validation of New Insurance Fields without Details"]]>
              </value>
            </param>
            <param index="1">
              <value>
                <![CDATA["TC10_NewInsurance Field - Negative Scenarios"]]>
              </value>
            </param>
          </params>
          <reporter-output>
          </reporter-output>
        </test-method> <!-- runScenario -->
        <test-method signature="runScenario(io.cucumber.testng.PickleWrapper,io.cucumber.testng.FeatureWrapper)[pri:0, instance:testRunner.RunnerClass@5aebe890]" started-at="2025-01-21T14:11:39 IST" name="runScenario" description="Runs Cucumber Scenarios" data-provider="scenarios" finished-at="2025-01-21T14:11:39 IST" duration-ms="11" status="PASS">
          <params>
            <param index="0">
              <value>
                <![CDATA["Validation of New Insurance Fields without Details"]]>
              </value>
            </param>
            <param index="1">
              <value>
                <![CDATA["TC10_NewInsurance Field - Negative Scenarios"]]>
              </value>
            </param>
          </params>
          <reporter-output>
          </reporter-output>
        </test-method> <!-- runScenario -->
        <test-method signature="runScenario(io.cucumber.testng.PickleWrapper,io.cucumber.testng.FeatureWrapper)[pri:0, instance:testRunner.RunnerClass@5aebe890]" started-at="2025-01-21T14:11:39 IST" name="runScenario" description="Runs Cucumber Scenarios" data-provider="scenarios" finished-at="2025-01-21T14:11:39 IST" duration-ms="10" status="PASS">
          <params>
            <param index="0">
              <value>
                <![CDATA["Validation of New Insurance Fields without Details"]]>
              </value>
            </param>
            <param index="1">
              <value>
                <![CDATA["TC10_NewInsurance Field - Negative Scenarios"]]>
              </value>
            </param>
          </params>
          <reporter-output>
          </reporter-output>
        </test-method> <!-- runScenario -->
        <test-method signature="runScenario(io.cucumber.testng.PickleWrapper,io.cucumber.testng.FeatureWrapper)[pri:0, instance:testRunner.RunnerClass@5aebe890]" started-at="2025-01-21T14:11:39 IST" name="runScenario" description="Runs Cucumber Scenarios" data-provider="scenarios" finished-at="2025-01-21T14:11:39 IST" duration-ms="10" status="PASS">
          <params>
            <param index="0">
              <value>
                <![CDATA["Validation of New Insurance Fields without Details"]]>
              </value>
            </param>
            <param index="1">
              <value>
                <![CDATA["TC10_NewInsurance Field - Negative Scenarios"]]>
              </value>
            </param>
          </params>
          <reporter-output>
          </reporter-output>
        </test-method> <!-- runScenario -->
        <test-method signature="runScenario(io.cucumber.testng.PickleWrapper,io.cucumber.testng.FeatureWrapper)[pri:0, instance:testRunner.RunnerClass@5aebe890]" started-at="2025-01-21T14:11:39 IST" name="runScenario" description="Runs Cucumber Scenarios" data-provider="scenarios" finished-at="2025-01-21T14:11:39 IST" duration-ms="15" status="PASS">
          <params>
            <param index="0">
              <value>
                <![CDATA["Validation of New Insurance Fields without Details"]]>
              </value>
            </param>
            <param index="1">
              <value>
                <![CDATA["TC10_NewInsurance Field - Negative Scenarios"]]>
              </value>
            </param>
          </params>
          <reporter-output>
          </reporter-output>
        </test-method> <!-- runScenario -->
        <test-method is-config="true" signature="tearDownClass()[pri:0, instance:testRunner.RunnerClass@5aebe890]" started-at="2025-01-21T14:11:39 IST" name="tearDownClass" finished-at="2025-01-21T14:11:39 IST" duration-ms="51" status="PASS">
          <reporter-output>
          </reporter-output>
        </test-method> <!-- tearDownClass -->
      </class> <!-- testRunner.RunnerClass -->
    </test> <!-- Default test -->
  </suite> <!-- Default suite -->
</testng-results>
