<?xml version="1.0" encoding="UTF-8"?>
<testng-results ignored="0" total="8" passed="8" failed="0" skipped="0">
  <reporter-output>
  </reporter-output>
  <suite started-at="2025-02-03T18:21:38 IST" name="Default suite" finished-at="2025-02-03T18:22:49 IST" duration-ms="71849">
    <groups>
      <group name="cucumber">
        <method signature="AbstractTestNGCucumberTests.runScenario(io.cucumber.testng.PickleWrapper,io.cucumber.testng.FeatureWrapper)[pri:0, instance:testRunner.RunnerClass@75db5df9]" name="runScenario" class="io.cucumber.testng.AbstractTestNGCucumberTests"/>
      </group> <!-- cucumber -->
    </groups>
    <test started-at="2025-02-03T18:21:38 IST" name="Default test" finished-at="2025-02-03T18:22:49 IST" duration-ms="71849">
      <class name="testRunner.RunnerClass">
        <test-method is-config="true" signature="setUpClass(org.testng.ITestContext)[pri:0, instance:testRunner.RunnerClass@75db5df9]" started-at="2025-02-03T18:21:38 IST" name="setUpClass" finished-at="2025-02-03T18:21:38 IST" duration-ms="515" status="PASS">
          <params>
            <param index="0">
              <value>
                <![CDATA[org.testng.TestRunner@17092fff]]>
              </value>
            </param>
          </params>
          <reporter-output>
          </reporter-output>
        </test-method> <!-- setUpClass -->
        <test-method signature="runScenario(io.cucumber.testng.PickleWrapper,io.cucumber.testng.FeatureWrapper)[pri:0, instance:testRunner.RunnerClass@75db5df9]" started-at="2025-02-03T18:21:38 IST" name="runScenario" description="Runs Cucumber Scenarios" data-provider="scenarios" finished-at="2025-02-03T18:21:46 IST" duration-ms="7457" status="PASS">
          <params>
            <param index="0">
              <value>
                <![CDATA["Handle JavaScript Popups and Text Entry"]]>
              </value>
            </param>
            <param index="1">
              <value>
                <![CDATA["Additional Scenarios for Interaction on the Website"]]>
              </value>
            </param>
          </params>
          <reporter-output>
          </reporter-output>
        </test-method> <!-- runScenario -->
        <test-method signature="runScenario(io.cucumber.testng.PickleWrapper,io.cucumber.testng.FeatureWrapper)[pri:0, instance:testRunner.RunnerClass@75db5df9]" started-at="2025-02-03T18:21:46 IST" name="runScenario" description="Runs Cucumber Scenarios" data-provider="scenarios" finished-at="2025-02-03T18:21:52 IST" duration-ms="6320" status="PASS">
          <params>
            <param index="0">
              <value>
                <![CDATA["Drag and Drop Interaction"]]>
              </value>
            </param>
            <param index="1">
              <value>
                <![CDATA["Additional Scenarios for Interaction on the Website"]]>
              </value>
            </param>
          </params>
          <reporter-output>
          </reporter-output>
        </test-method> <!-- runScenario -->
        <test-method signature="runScenario(io.cucumber.testng.PickleWrapper,io.cucumber.testng.FeatureWrapper)[pri:0, instance:testRunner.RunnerClass@75db5df9]" started-at="2025-02-03T18:21:52 IST" name="runScenario" description="Runs Cucumber Scenarios" data-provider="scenarios" finished-at="2025-02-03T18:22:07 IST" duration-ms="15436" status="PASS">
          <params>
            <param index="0">
              <value>
                <![CDATA["Navigate Between Different Pages"]]>
              </value>
            </param>
            <param index="1">
              <value>
                <![CDATA["Additional Scenarios for Interaction on the Website"]]>
              </value>
            </param>
          </params>
          <reporter-output>
          </reporter-output>
        </test-method> <!-- runScenario -->
        <test-method signature="runScenario(io.cucumber.testng.PickleWrapper,io.cucumber.testng.FeatureWrapper)[pri:0, instance:testRunner.RunnerClass@75db5df9]" started-at="2025-02-03T18:22:07 IST" name="runScenario" description="Runs Cucumber Scenarios" data-provider="scenarios" finished-at="2025-02-03T18:22:13 IST" duration-ms="6091" status="PASS">
          <params>
            <param index="0">
              <value>
                <![CDATA["Verify Page Title"]]>
              </value>
            </param>
            <param index="1">
              <value>
                <![CDATA["Additional Scenarios for Interaction on the Website"]]>
              </value>
            </param>
          </params>
          <reporter-output>
          </reporter-output>
        </test-method> <!-- runScenario -->
        <test-method signature="runScenario(io.cucumber.testng.PickleWrapper,io.cucumber.testng.FeatureWrapper)[pri:0, instance:testRunner.RunnerClass@75db5df9]" started-at="2025-02-03T18:22:13 IST" name="runScenario" description="Runs Cucumber Scenarios" data-provider="scenarios" finished-at="2025-02-03T18:22:21 IST" duration-ms="7149" status="PASS">
          <params>
            <param index="0">
              <value>
                <![CDATA["Handle Multiple Windows"]]>
              </value>
            </param>
            <param index="1">
              <value>
                <![CDATA["Additional Scenarios for Interaction on the Website"]]>
              </value>
            </param>
          </params>
          <reporter-output>
          </reporter-output>
        </test-method> <!-- runScenario -->
        <test-method signature="runScenario(io.cucumber.testng.PickleWrapper,io.cucumber.testng.FeatureWrapper)[pri:0, instance:testRunner.RunnerClass@75db5df9]" started-at="2025-02-03T18:22:21 IST" name="runScenario" description="Runs Cucumber Scenarios" data-provider="scenarios" finished-at="2025-02-03T18:22:36 IST" duration-ms="15485" status="PASS">
          <params>
            <param index="0">
              <value>
                <![CDATA["Verify Checkboxes are Unchecked by Default"]]>
              </value>
            </param>
            <param index="1">
              <value>
                <![CDATA["Additional Scenarios for Interaction on the Website"]]>
              </value>
            </param>
          </params>
          <reporter-output>
          </reporter-output>
        </test-method> <!-- runScenario -->
        <test-method signature="runScenario(io.cucumber.testng.PickleWrapper,io.cucumber.testng.FeatureWrapper)[pri:0, instance:testRunner.RunnerClass@75db5df9]" started-at="2025-02-03T18:22:36 IST" name="runScenario" description="Runs Cucumber Scenarios" data-provider="scenarios" finished-at="2025-02-03T18:22:43 IST" duration-ms="6453" status="PASS">
          <params>
            <param index="0">
              <value>
                <![CDATA["Verify Text on the Page"]]>
              </value>
            </param>
            <param index="1">
              <value>
                <![CDATA["Additional Scenarios for Interaction on the Website"]]>
              </value>
            </param>
          </params>
          <reporter-output>
          </reporter-output>
        </test-method> <!-- runScenario -->
        <test-method signature="runScenario(io.cucumber.testng.PickleWrapper,io.cucumber.testng.FeatureWrapper)[pri:0, instance:testRunner.RunnerClass@75db5df9]" started-at="2025-02-03T18:22:43 IST" name="runScenario" description="Runs Cucumber Scenarios" data-provider="scenarios" finished-at="2025-02-03T18:22:49 IST" duration-ms="6845" status="PASS">
          <params>
            <param index="0">
              <value>
                <![CDATA["Verify that content changes on page reload"]]>
              </value>
            </param>
            <param index="1">
              <value>
                <![CDATA["Additional Scenarios for Interaction on the Website"]]>
              </value>
            </param>
          </params>
          <reporter-output>
          </reporter-output>
        </test-method> <!-- runScenario -->
        <test-method is-config="true" signature="tearDownClass()[pri:0, instance:testRunner.RunnerClass@75db5df9]" started-at="2025-02-03T18:22:49 IST" name="tearDownClass" finished-at="2025-02-03T18:22:49 IST" duration-ms="53" status="PASS">
          <reporter-output>
          </reporter-output>
        </test-method> <!-- tearDownClass -->
      </class> <!-- testRunner.RunnerClass -->
    </test> <!-- Default test -->
  </suite> <!-- Default suite -->
</testng-results>
