<?xml version="1.0" encoding="UTF-8"?>
<testng-results ignored="0" total="6" passed="6" failed="0" skipped="0">
  <reporter-output>
  </reporter-output>
  <suite started-at="2025-01-30T16:01:45 IST" name="Default suite" finished-at="2025-01-30T16:03:05 IST" duration-ms="79703">
    <groups>
      <group name="cucumber">
        <method signature="AbstractTestNGCucumberTests.runScenario(io.cucumber.testng.PickleWrapper,io.cucumber.testng.FeatureWrapper)[pri:0, instance:testRunner.RunnerClass@75db5df9]" name="runScenario" class="io.cucumber.testng.AbstractTestNGCucumberTests"/>
      </group> <!-- cucumber -->
    </groups>
    <test started-at="2025-01-30T16:01:45 IST" name="Default test" finished-at="2025-01-30T16:03:05 IST" duration-ms="79703">
      <class name="testRunner.RunnerClass">
        <test-method is-config="true" signature="setUpClass(org.testng.ITestContext)[pri:0, instance:testRunner.RunnerClass@75db5df9]" started-at="2025-01-30T16:01:45 IST" name="setUpClass" finished-at="2025-01-30T16:01:45 IST" duration-ms="522" status="PASS">
          <params>
            <param index="0">
              <value>
                <![CDATA[org.testng.TestRunner@78e17a99]]>
              </value>
            </param>
          </params>
          <reporter-output>
          </reporter-output>
        </test-method> <!-- setUpClass -->
        <test-method signature="runScenario(io.cucumber.testng.PickleWrapper,io.cucumber.testng.FeatureWrapper)[pri:0, instance:testRunner.RunnerClass@75db5df9]" started-at="2025-01-30T16:01:45 IST" name="runScenario" description="Runs Cucumber Scenarios" data-provider="scenarios" finished-at="2025-01-30T16:02:02 IST" duration-ms="16204" status="PASS">
          <params>
            <param index="0">
              <value>
                <![CDATA["User Login and Logout Workflow"]]>
              </value>
            </param>
            <param index="1">
              <value>
                <![CDATA["Automating advanced features on The Internet website"]]>
              </value>
            </param>
          </params>
          <reporter-output>
          </reporter-output>
        </test-method> <!-- runScenario -->
        <test-method signature="runScenario(io.cucumber.testng.PickleWrapper,io.cucumber.testng.FeatureWrapper)[pri:0, instance:testRunner.RunnerClass@75db5df9]" started-at="2025-01-30T16:02:02 IST" name="runScenario" description="Runs Cucumber Scenarios" data-provider="scenarios" finished-at="2025-01-30T16:02:18 IST" duration-ms="16739" status="PASS">
          <params>
            <param index="0">
              <value>
                <![CDATA["Handle JavaScript Alerts and Confirmations"]]>
              </value>
            </param>
            <param index="1">
              <value>
                <![CDATA["Automating advanced features on The Internet website"]]>
              </value>
            </param>
          </params>
          <reporter-output>
          </reporter-output>
        </test-method> <!-- runScenario -->
        <test-method signature="runScenario(io.cucumber.testng.PickleWrapper,io.cucumber.testng.FeatureWrapper)[pri:0, instance:testRunner.RunnerClass@75db5df9]" started-at="2025-01-30T16:02:18 IST" name="runScenario" description="Runs Cucumber Scenarios" data-provider="scenarios" finished-at="2025-01-30T16:02:25 IST" duration-ms="6356" status="PASS">
          <params>
            <param index="0">
              <value>
                <![CDATA["Interact with Dropdown and Select Options"]]>
              </value>
            </param>
            <param index="1">
              <value>
                <![CDATA["Automating advanced features on The Internet website"]]>
              </value>
            </param>
          </params>
          <reporter-output>
          </reporter-output>
        </test-method> <!-- runScenario -->
        <test-method signature="runScenario(io.cucumber.testng.PickleWrapper,io.cucumber.testng.FeatureWrapper)[pri:0, instance:testRunner.RunnerClass@75db5df9]" started-at="2025-01-30T16:02:25 IST" name="runScenario" description="Runs Cucumber Scenarios" data-provider="scenarios" finished-at="2025-01-30T16:02:33 IST" duration-ms="7770" status="PASS">
          <params>
            <param index="0">
              <value>
                <![CDATA["Work with Checkboxes"]]>
              </value>
            </param>
            <param index="1">
              <value>
                <![CDATA["Automating advanced features on The Internet website"]]>
              </value>
            </param>
          </params>
          <reporter-output>
          </reporter-output>
        </test-method> <!-- runScenario -->
        <test-method signature="runScenario(io.cucumber.testng.PickleWrapper,io.cucumber.testng.FeatureWrapper)[pri:0, instance:testRunner.RunnerClass@75db5df9]" started-at="2025-01-30T16:02:33 IST" name="runScenario" description="Runs Cucumber Scenarios" data-provider="scenarios" finished-at="2025-01-30T16:02:56 IST" duration-ms="23339" status="PASS">
          <params>
            <param index="0">
              <value>
                <![CDATA["File Upload and Validation"]]>
              </value>
            </param>
            <param index="1">
              <value>
                <![CDATA["Automating advanced features on The Internet website"]]>
              </value>
            </param>
          </params>
          <reporter-output>
          </reporter-output>
        </test-method> <!-- runScenario -->
        <test-method signature="runScenario(io.cucumber.testng.PickleWrapper,io.cucumber.testng.FeatureWrapper)[pri:0, instance:testRunner.RunnerClass@75db5df9]" started-at="2025-01-30T16:02:56 IST" name="runScenario" description="Runs Cucumber Scenarios" data-provider="scenarios" finished-at="2025-01-30T16:03:05 IST" duration-ms="8681" status="PASS">
          <params>
            <param index="0">
              <value>
                <![CDATA["Handle Multiple Windows"]]>
              </value>
            </param>
            <param index="1">
              <value>
                <![CDATA["Automating advanced features on The Internet website"]]>
              </value>
            </param>
          </params>
          <reporter-output>
          </reporter-output>
        </test-method> <!-- runScenario -->
        <test-method is-config="true" signature="tearDownClass()[pri:0, instance:testRunner.RunnerClass@75db5df9]" started-at="2025-01-30T16:03:05 IST" name="tearDownClass" finished-at="2025-01-30T16:03:05 IST" duration-ms="43" status="PASS">
          <reporter-output>
          </reporter-output>
        </test-method> <!-- tearDownClass -->
      </class> <!-- testRunner.RunnerClass -->
    </test> <!-- Default test -->
  </suite> <!-- Default suite -->
</testng-results>
