<?xml version="1.0" encoding="UTF-8"?>
<testng-results ignored="0" total="26" passed="26" failed="0" skipped="0">
  <reporter-output>
  </reporter-output>
  <suite started-at="2025-01-23T20:35:03 IST" name="Default suite" finished-at="2025-01-23T20:35:05 IST" duration-ms="1983">
    <groups>
      <group name="cucumber">
        <method signature="AbstractTestNGCucumberTests.runScenario(io.cucumber.testng.PickleWrapper,io.cucumber.testng.FeatureWrapper)[pri:0, instance:testRunner.RunnerClass@5aebe890]" name="runScenario" class="io.cucumber.testng.AbstractTestNGCucumberTests"/>
      </group> <!-- cucumber -->
    </groups>
    <test started-at="2025-01-23T20:35:03 IST" name="Default test" finished-at="2025-01-23T20:35:05 IST" duration-ms="1983">
      <class name="testRunner.RunnerClass">
        <test-method is-config="true" signature="setUpClass(org.testng.ITestContext)[pri:0, instance:testRunner.RunnerClass@5aebe890]" started-at="2025-01-23T20:35:03 IST" name="setUpClass" finished-at="2025-01-23T20:35:04 IST" duration-ms="797" status="PASS">
          <params>
            <param index="0">
              <value>
                <![CDATA[org.testng.TestRunner@c0b41d6]]>
              </value>
            </param>
          </params>
          <reporter-output>
          </reporter-output>
        </test-method> <!-- setUpClass -->
        <test-method signature="runScenario(io.cucumber.testng.PickleWrapper,io.cucumber.testng.FeatureWrapper)[pri:0, instance:testRunner.RunnerClass@5aebe890]" started-at="2025-01-23T20:35:04 IST" name="runScenario" description="Runs Cucumber Scenarios" data-provider="scenarios" finished-at="2025-01-23T20:35:04 IST" duration-ms="109" status="PASS">
          <params>
            <param index="0">
              <value>
                <![CDATA["Validation of Login using valid credentials"]]>
              </value>
            </param>
            <param index="1">
              <value>
                <![CDATA["ES01_Shiva_Validating Login credentials for ExpleoSurance"]]>
              </value>
            </param>
          </params>
          <reporter-output>
          </reporter-output>
        </test-method> <!-- runScenario -->
        <test-method signature="runScenario(io.cucumber.testng.PickleWrapper,io.cucumber.testng.FeatureWrapper)[pri:0, instance:testRunner.RunnerClass@5aebe890]" started-at="2025-01-23T20:35:04 IST" name="runScenario" description="Runs Cucumber Scenarios" data-provider="scenarios" finished-at="2025-01-23T20:35:04 IST" duration-ms="25" status="PASS">
          <params>
            <param index="0">
              <value>
                <![CDATA["Validation of invalid credentials"]]>
              </value>
            </param>
            <param index="1">
              <value>
                <![CDATA["ES02_Shiva_Invalid login Credentials validation for Expleosurance"]]>
              </value>
            </param>
          </params>
          <reporter-output>
          </reporter-output>
        </test-method> <!-- runScenario -->
        <test-method signature="runScenario(io.cucumber.testng.PickleWrapper,io.cucumber.testng.FeatureWrapper)[pri:0, instance:testRunner.RunnerClass@5aebe890]" started-at="2025-01-23T20:35:04 IST" name="runScenario" description="Runs Cucumber Scenarios" data-provider="scenarios" finished-at="2025-01-23T20:35:04 IST" duration-ms="20" status="PASS">
          <params>
            <param index="0">
              <value>
                <![CDATA["Validation of invalid credentials"]]>
              </value>
            </param>
            <param index="1">
              <value>
                <![CDATA["ES02_Shiva_Invalid login Credentials validation for Expleosurance"]]>
              </value>
            </param>
          </params>
          <reporter-output>
          </reporter-output>
        </test-method> <!-- runScenario -->
        <test-method signature="runScenario(io.cucumber.testng.PickleWrapper,io.cucumber.testng.FeatureWrapper)[pri:0, instance:testRunner.RunnerClass@5aebe890]" started-at="2025-01-23T20:35:04 IST" name="runScenario" description="Runs Cucumber Scenarios" data-provider="scenarios" finished-at="2025-01-23T20:35:04 IST" duration-ms="22" status="PASS">
          <params>
            <param index="0">
              <value>
                <![CDATA["Validation of invalid credentials"]]>
              </value>
            </param>
            <param index="1">
              <value>
                <![CDATA["ES02_Shiva_Invalid login Credentials validation for Expleosurance"]]>
              </value>
            </param>
          </params>
          <reporter-output>
          </reporter-output>
        </test-method> <!-- runScenario -->
        <test-method signature="runScenario(io.cucumber.testng.PickleWrapper,io.cucumber.testng.FeatureWrapper)[pri:0, instance:testRunner.RunnerClass@5aebe890]" started-at="2025-01-23T20:35:04 IST" name="runScenario" description="Runs Cucumber Scenarios" data-provider="scenarios" finished-at="2025-01-23T20:35:04 IST" duration-ms="28" status="PASS">
          <params>
            <param index="0">
              <value>
                <![CDATA["Validation of Empty credentials"]]>
              </value>
            </param>
            <param index="1">
              <value>
                <![CDATA["ES02_Shiva_Invalid login Credentials validation for Expleosurance"]]>
              </value>
            </param>
          </params>
          <reporter-output>
          </reporter-output>
        </test-method> <!-- runScenario -->
        <test-method signature="runScenario(io.cucumber.testng.PickleWrapper,io.cucumber.testng.FeatureWrapper)[pri:0, instance:testRunner.RunnerClass@5aebe890]" started-at="2025-01-23T20:35:04 IST" name="runScenario" description="Runs Cucumber Scenarios" data-provider="scenarios" finished-at="2025-01-23T20:35:04 IST" duration-ms="15" status="PASS">
          <params>
            <param index="0">
              <value>
                <![CDATA["Validation of Empty credentials"]]>
              </value>
            </param>
            <param index="1">
              <value>
                <![CDATA["ES02_Shiva_Invalid login Credentials validation for Expleosurance"]]>
              </value>
            </param>
          </params>
          <reporter-output>
          </reporter-output>
        </test-method> <!-- runScenario -->
        <test-method signature="runScenario(io.cucumber.testng.PickleWrapper,io.cucumber.testng.FeatureWrapper)[pri:0, instance:testRunner.RunnerClass@5aebe890]" started-at="2025-01-23T20:35:04 IST" name="runScenario" description="Runs Cucumber Scenarios" data-provider="scenarios" finished-at="2025-01-23T20:35:04 IST" duration-ms="13" status="PASS">
          <params>
            <param index="0">
              <value>
                <![CDATA["Validation of Empty credentials"]]>
              </value>
            </param>
            <param index="1">
              <value>
                <![CDATA["ES02_Shiva_Invalid login Credentials validation for Expleosurance"]]>
              </value>
            </param>
          </params>
          <reporter-output>
          </reporter-output>
        </test-method> <!-- runScenario -->
        <test-method signature="runScenario(io.cucumber.testng.PickleWrapper,io.cucumber.testng.FeatureWrapper)[pri:0, instance:testRunner.RunnerClass@5aebe890]" started-at="2025-01-23T20:35:04 IST" name="runScenario" description="Runs Cucumber Scenarios" data-provider="scenarios" finished-at="2025-01-23T20:35:04 IST" duration-ms="20" status="PASS">
          <params>
            <param index="0">
              <value>
                <![CDATA["Validating Delete Policy for Cancel button"]]>
              </value>
            </param>
            <param index="1">
              <value>
                <![CDATA["ES03_Suthir_Delete Policy"]]>
              </value>
            </param>
          </params>
          <reporter-output>
          </reporter-output>
        </test-method> <!-- runScenario -->
        <test-method signature="runScenario(io.cucumber.testng.PickleWrapper,io.cucumber.testng.FeatureWrapper)[pri:0, instance:testRunner.RunnerClass@5aebe890]" started-at="2025-01-23T20:35:04 IST" name="runScenario" description="Runs Cucumber Scenarios" data-provider="scenarios" finished-at="2025-01-23T20:35:04 IST" duration-ms="18" status="PASS">
          <params>
            <param index="0">
              <value>
                <![CDATA["Validating Delete Policy and Yes button"]]>
              </value>
            </param>
            <param index="1">
              <value>
                <![CDATA["ES03_Suthir_Delete Policy"]]>
              </value>
            </param>
          </params>
          <reporter-output>
          </reporter-output>
        </test-method> <!-- runScenario -->
        <test-method signature="runScenario(io.cucumber.testng.PickleWrapper,io.cucumber.testng.FeatureWrapper)[pri:0, instance:testRunner.RunnerClass@5aebe890]" started-at="2025-01-23T20:35:04 IST" name="runScenario" description="Runs Cucumber Scenarios" data-provider="scenarios" finished-at="2025-01-23T20:35:04 IST" duration-ms="27" status="PASS">
          <params>
            <param index="0">
              <value>
                <![CDATA["Print table header in console"]]>
              </value>
            </param>
            <param index="1">
              <value>
                <![CDATA["ES04_Suthir_Get Table Header"]]>
              </value>
            </param>
          </params>
          <reporter-output>
          </reporter-output>
        </test-method> <!-- runScenario -->
        <test-method signature="runScenario(io.cucumber.testng.PickleWrapper,io.cucumber.testng.FeatureWrapper)[pri:0, instance:testRunner.RunnerClass@5aebe890]" started-at="2025-01-23T20:35:04 IST" name="runScenario" description="Runs Cucumber Scenarios" data-provider="scenarios" finished-at="2025-01-23T20:35:04 IST" duration-ms="50" status="PASS">
          <params>
            <param index="0">
              <value>
                <![CDATA["User is changing the Password"]]>
              </value>
            </param>
            <param index="1">
              <value>
                <![CDATA["ES05_Suthir_Forget password functionalities"]]>
              </value>
            </param>
          </params>
          <reporter-output>
          </reporter-output>
        </test-method> <!-- runScenario -->
        <test-method signature="runScenario(io.cucumber.testng.PickleWrapper,io.cucumber.testng.FeatureWrapper)[pri:0, instance:testRunner.RunnerClass@5aebe890]" started-at="2025-01-23T20:35:04 IST" name="runScenario" description="Runs Cucumber Scenarios" data-provider="scenarios" finished-at="2025-01-23T20:35:04 IST" duration-ms="32" status="PASS">
          <params>
            <param index="0">
              <value>
                <![CDATA["user enters insurance policy details"]]>
              </value>
            </param>
            <param index="1">
              <value>
                <![CDATA["ES06_Aarthi_New Insurance"]]>
              </value>
            </param>
          </params>
          <reporter-output>
          </reporter-output>
        </test-method> <!-- runScenario -->
        <test-method signature="runScenario(io.cucumber.testng.PickleWrapper,io.cucumber.testng.FeatureWrapper)[pri:0, instance:testRunner.RunnerClass@5aebe890]" started-at="2025-01-23T20:35:04 IST" name="runScenario" description="Runs Cucumber Scenarios" data-provider="scenarios" finished-at="2025-01-23T20:35:04 IST" duration-ms="19" status="PASS">
          <params>
            <param index="0">
              <value>
                <![CDATA["user enters insurance policy details"]]>
              </value>
            </param>
            <param index="1">
              <value>
                <![CDATA["ES06_Aarthi_New Insurance"]]>
              </value>
            </param>
          </params>
          <reporter-output>
          </reporter-output>
        </test-method> <!-- runScenario -->
        <test-method signature="runScenario(io.cucumber.testng.PickleWrapper,io.cucumber.testng.FeatureWrapper)[pri:0, instance:testRunner.RunnerClass@5aebe890]" started-at="2025-01-23T20:35:04 IST" name="runScenario" description="Runs Cucumber Scenarios" data-provider="scenarios" finished-at="2025-01-23T20:35:04 IST" duration-ms="62" status="PASS">
          <params>
            <param index="0">
              <value>
                <![CDATA["user enters insurance policy details"]]>
              </value>
            </param>
            <param index="1">
              <value>
                <![CDATA["ES06_Aarthi_New Insurance"]]>
              </value>
            </param>
          </params>
          <reporter-output>
          </reporter-output>
        </test-method> <!-- runScenario -->
        <test-method signature="runScenario(io.cucumber.testng.PickleWrapper,io.cucumber.testng.FeatureWrapper)[pri:0, instance:testRunner.RunnerClass@5aebe890]" started-at="2025-01-23T20:35:04 IST" name="runScenario" description="Runs Cucumber Scenarios" data-provider="scenarios" finished-at="2025-01-23T20:35:04 IST" duration-ms="117" status="PASS">
          <params>
            <param index="0">
              <value>
                <![CDATA["user enters insurance policy details"]]>
              </value>
            </param>
            <param index="1">
              <value>
                <![CDATA["ES06_Aarthi_New Insurance"]]>
              </value>
            </param>
          </params>
          <reporter-output>
          </reporter-output>
        </test-method> <!-- runScenario -->
        <test-method signature="runScenario(io.cucumber.testng.PickleWrapper,io.cucumber.testng.FeatureWrapper)[pri:0, instance:testRunner.RunnerClass@5aebe890]" started-at="2025-01-23T20:35:04 IST" name="runScenario" description="Runs Cucumber Scenarios" data-provider="scenarios" finished-at="2025-01-23T20:35:04 IST" duration-ms="22" status="PASS">
          <params>
            <param index="0">
              <value>
                <![CDATA["user enters insurance policy details"]]>
              </value>
            </param>
            <param index="1">
              <value>
                <![CDATA["ES06_Aarthi_New Insurance"]]>
              </value>
            </param>
          </params>
          <reporter-output>
          </reporter-output>
        </test-method> <!-- runScenario -->
        <test-method signature="runScenario(io.cucumber.testng.PickleWrapper,io.cucumber.testng.FeatureWrapper)[pri:0, instance:testRunner.RunnerClass@5aebe890]" started-at="2025-01-23T20:35:04 IST" name="runScenario" description="Runs Cucumber Scenarios" data-provider="scenarios" finished-at="2025-01-23T20:35:04 IST" duration-ms="53" status="PASS">
          <params>
            <param index="0">
              <value>
                <![CDATA["user register the new account"]]>
              </value>
            </param>
            <param index="1">
              <value>
                <![CDATA["ES07_Aarthi_Register New Account"]]>
              </value>
            </param>
          </params>
          <reporter-output>
          </reporter-output>
        </test-method> <!-- runScenario -->
        <test-method signature="runScenario(io.cucumber.testng.PickleWrapper,io.cucumber.testng.FeatureWrapper)[pri:0, instance:testRunner.RunnerClass@5aebe890]" started-at="2025-01-23T20:35:04 IST" name="runScenario" description="Runs Cucumber Scenarios" data-provider="scenarios" finished-at="2025-01-23T20:35:04 IST" duration-ms="17" status="PASS">
          <params>
            <param index="0">
              <value>
                <![CDATA["Delete the Managed Users"]]>
              </value>
            </param>
            <param index="1">
              <value>
                <![CDATA["ES08_Aarthi_Admin Panel"]]>
              </value>
            </param>
          </params>
          <reporter-output>
          </reporter-output>
        </test-method> <!-- runScenario -->
        <test-method signature="runScenario(io.cucumber.testng.PickleWrapper,io.cucumber.testng.FeatureWrapper)[pri:0, instance:testRunner.RunnerClass@5aebe890]" started-at="2025-01-23T20:35:04 IST" name="runScenario" description="Runs Cucumber Scenarios" data-provider="scenarios" finished-at="2025-01-23T20:35:04 IST" duration-ms="22" status="PASS">
          <params>
            <param index="0">
              <value>
                <![CDATA["Validating Title and Current URL"]]>
              </value>
            </param>
            <param index="1">
              <value>
                <![CDATA["ES09_Shiva_Get Title and Current URL"]]>
              </value>
            </param>
          </params>
          <reporter-output>
          </reporter-output>
        </test-method> <!-- runScenario -->
        <test-method signature="runScenario(io.cucumber.testng.PickleWrapper,io.cucumber.testng.FeatureWrapper)[pri:0, instance:testRunner.RunnerClass@5aebe890]" started-at="2025-01-23T20:35:04 IST" name="runScenario" description="Runs Cucumber Scenarios" data-provider="scenarios" finished-at="2025-01-23T20:35:04 IST" duration-ms="13" status="PASS">
          <params>
            <param index="0">
              <value>
                <![CDATA["Validating New Insurance Details - Without Fields"]]>
              </value>
            </param>
            <param index="1">
              <value>
                <![CDATA["ES10_Shiva_New Insurance Details - Negative Test Cases"]]>
              </value>
            </param>
          </params>
          <reporter-output>
          </reporter-output>
        </test-method> <!-- runScenario -->
        <test-method signature="runScenario(io.cucumber.testng.PickleWrapper,io.cucumber.testng.FeatureWrapper)[pri:0, instance:testRunner.RunnerClass@5aebe890]" started-at="2025-01-23T20:35:04 IST" name="runScenario" description="Runs Cucumber Scenarios" data-provider="scenarios" finished-at="2025-01-23T20:35:04 IST" duration-ms="23" status="PASS">
          <params>
            <param index="0">
              <value>
                <![CDATA["Validating New Insurance Details - Without Fields"]]>
              </value>
            </param>
            <param index="1">
              <value>
                <![CDATA["ES10_Shiva_New Insurance Details - Negative Test Cases"]]>
              </value>
            </param>
          </params>
          <reporter-output>
          </reporter-output>
        </test-method> <!-- runScenario -->
        <test-method signature="runScenario(io.cucumber.testng.PickleWrapper,io.cucumber.testng.FeatureWrapper)[pri:0, instance:testRunner.RunnerClass@5aebe890]" started-at="2025-01-23T20:35:04 IST" name="runScenario" description="Runs Cucumber Scenarios" data-provider="scenarios" finished-at="2025-01-23T20:35:04 IST" duration-ms="19" status="PASS">
          <params>
            <param index="0">
              <value>
                <![CDATA["Validating New Insurance Details - Without Fields"]]>
              </value>
            </param>
            <param index="1">
              <value>
                <![CDATA["ES10_Shiva_New Insurance Details - Negative Test Cases"]]>
              </value>
            </param>
          </params>
          <reporter-output>
          </reporter-output>
        </test-method> <!-- runScenario -->
        <test-method signature="runScenario(io.cucumber.testng.PickleWrapper,io.cucumber.testng.FeatureWrapper)[pri:0, instance:testRunner.RunnerClass@5aebe890]" started-at="2025-01-23T20:35:04 IST" name="runScenario" description="Runs Cucumber Scenarios" data-provider="scenarios" finished-at="2025-01-23T20:35:04 IST" duration-ms="17" status="PASS">
          <params>
            <param index="0">
              <value>
                <![CDATA["Validating New Insurance Details - Without Fields"]]>
              </value>
            </param>
            <param index="1">
              <value>
                <![CDATA["ES10_Shiva_New Insurance Details - Negative Test Cases"]]>
              </value>
            </param>
          </params>
          <reporter-output>
          </reporter-output>
        </test-method> <!-- runScenario -->
        <test-method signature="runScenario(io.cucumber.testng.PickleWrapper,io.cucumber.testng.FeatureWrapper)[pri:0, instance:testRunner.RunnerClass@5aebe890]" started-at="2025-01-23T20:35:04 IST" name="runScenario" description="Runs Cucumber Scenarios" data-provider="scenarios" finished-at="2025-01-23T20:35:04 IST" duration-ms="26" status="PASS">
          <params>
            <param index="0">
              <value>
                <![CDATA["Validating New Insurance Details - Without Fields"]]>
              </value>
            </param>
            <param index="1">
              <value>
                <![CDATA["ES10_Shiva_New Insurance Details - Negative Test Cases"]]>
              </value>
            </param>
          </params>
          <reporter-output>
          </reporter-output>
        </test-method> <!-- runScenario -->
        <test-method signature="runScenario(io.cucumber.testng.PickleWrapper,io.cucumber.testng.FeatureWrapper)[pri:0, instance:testRunner.RunnerClass@5aebe890]" started-at="2025-01-23T20:35:04 IST" name="runScenario" description="Runs Cucumber Scenarios" data-provider="scenarios" finished-at="2025-01-23T20:35:05 IST" duration-ms="28" status="PASS">
          <params>
            <param index="0">
              <value>
                <![CDATA["Validation of Premium Calculation in Payment Page"]]>
              </value>
            </param>
            <param index="1">
              <value>
                <![CDATA["ES11_Shiva_Payment Page Validation"]]>
              </value>
            </param>
          </params>
          <reporter-output>
          </reporter-output>
        </test-method> <!-- runScenario -->
        <test-method signature="runScenario(io.cucumber.testng.PickleWrapper,io.cucumber.testng.FeatureWrapper)[pri:0, instance:testRunner.RunnerClass@5aebe890]" started-at="2025-01-23T20:35:05 IST" name="runScenario" description="Runs Cucumber Scenarios" data-provider="scenarios" finished-at="2025-01-23T20:35:05 IST" duration-ms="18" status="PASS">
          <params>
            <param index="0">
              <value>
                <![CDATA["Successful login with valid credentials"]]>
              </value>
            </param>
            <param index="1">
              <value>
                <![CDATA["ES12_Ragul_User Login"]]>
              </value>
            </param>
          </params>
          <reporter-output>
          </reporter-output>
        </test-method> <!-- runScenario -->
        <test-method is-config="true" signature="tearDownClass()[pri:0, instance:testRunner.RunnerClass@5aebe890]" started-at="2025-01-23T20:35:05 IST" name="tearDownClass" finished-at="2025-01-23T20:35:05 IST" duration-ms="189" status="PASS">
          <reporter-output>
          </reporter-output>
        </test-method> <!-- tearDownClass -->
      </class> <!-- testRunner.RunnerClass -->
    </test> <!-- Default test -->
  </suite> <!-- Default suite -->
</testng-results>
