<?xml version="1.0" encoding="UTF-8"?>
<testng-results ignored="0" total="75" passed="75" failed="0" skipped="0">
  <reporter-output>
  </reporter-output>
  <suite started-at="2025-02-07T16:35:54 IST" name="Default suite" finished-at="2025-02-07T16:35:56 IST" duration-ms="1914">
    <groups>
      <group name="cucumber">
        <method signature="AbstractTestNGCucumberTests.runScenario(io.cucumber.testng.PickleWrapper,io.cucumber.testng.FeatureWrapper)[pri:0, instance:testRunner.RunnerClass@8c3b9d]" name="runScenario" class="io.cucumber.testng.AbstractTestNGCucumberTests"/>
      </group> <!-- cucumber -->
    </groups>
    <test started-at="2025-02-07T16:35:54 IST" name="Default test" finished-at="2025-02-07T16:35:56 IST" duration-ms="1914">
      <class name="testRunner.RunnerClass">
        <test-method is-config="true" signature="setUpClass(org.testng.ITestContext)[pri:0, instance:testRunner.RunnerClass@8c3b9d]" started-at="2025-02-07T16:35:54 IST" name="setUpClass" finished-at="2025-02-07T16:35:55 IST" duration-ms="837" status="PASS">
          <params>
            <param index="0">
              <value>
                <![CDATA[org.testng.TestRunner@7e31ce0f]]>
              </value>
            </param>
          </params>
          <reporter-output>
          </reporter-output>
        </test-method> <!-- setUpClass -->
        <test-method signature="runScenario(io.cucumber.testng.PickleWrapper,io.cucumber.testng.FeatureWrapper)[pri:0, instance:testRunner.RunnerClass@8c3b9d]" started-at="2025-02-07T16:35:55 IST" name="runScenario" description="Runs Cucumber Scenarios" data-provider="scenarios" finished-at="2025-02-07T16:35:55 IST" duration-ms="121" status="PASS">
          <params>
            <param index="0">
              <value>
                <![CDATA["Validation of Login Credentials"]]>
              </value>
            </param>
            <param index="1">
              <value>
                <![CDATA["Suthir_05feb2025_Adactin_Hotel_Login_Validation"]]>
              </value>
            </param>
          </params>
          <reporter-output>
          </reporter-output>
        </test-method> <!-- runScenario -->
        <test-method signature="runScenario(io.cucumber.testng.PickleWrapper,io.cucumber.testng.FeatureWrapper)[pri:0, instance:testRunner.RunnerClass@8c3b9d]" started-at="2025-02-07T16:35:55 IST" name="runScenario" description="Runs Cucumber Scenarios" data-provider="scenarios" finished-at="2025-02-07T16:35:55 IST" duration-ms="22" status="PASS">
          <params>
            <param index="0">
              <value>
                <![CDATA["Validation of invalid Login Credentials"]]>
              </value>
            </param>
            <param index="1">
              <value>
                <![CDATA["Suthir_05feb2025_Adactin_Hotel_Login_Validation"]]>
              </value>
            </param>
          </params>
          <reporter-output>
          </reporter-output>
        </test-method> <!-- runScenario -->
        <test-method signature="runScenario(io.cucumber.testng.PickleWrapper,io.cucumber.testng.FeatureWrapper)[pri:0, instance:testRunner.RunnerClass@8c3b9d]" started-at="2025-02-07T16:35:55 IST" name="runScenario" description="Runs Cucumber Scenarios" data-provider="scenarios" finished-at="2025-02-07T16:35:55 IST" duration-ms="18" status="PASS">
          <params>
            <param index="0">
              <value>
                <![CDATA["Validation of invalid Login Credentials"]]>
              </value>
            </param>
            <param index="1">
              <value>
                <![CDATA["Suthir_05feb2025_Adactin_Hotel_Login_Validation"]]>
              </value>
            </param>
          </params>
          <reporter-output>
          </reporter-output>
        </test-method> <!-- runScenario -->
        <test-method signature="runScenario(io.cucumber.testng.PickleWrapper,io.cucumber.testng.FeatureWrapper)[pri:0, instance:testRunner.RunnerClass@8c3b9d]" started-at="2025-02-07T16:35:55 IST" name="runScenario" description="Runs Cucumber Scenarios" data-provider="scenarios" finished-at="2025-02-07T16:35:55 IST" duration-ms="14" status="PASS">
          <params>
            <param index="0">
              <value>
                <![CDATA["Validation of invalid Login Credentials"]]>
              </value>
            </param>
            <param index="1">
              <value>
                <![CDATA["Suthir_05feb2025_Adactin_Hotel_Login_Validation"]]>
              </value>
            </param>
          </params>
          <reporter-output>
          </reporter-output>
        </test-method> <!-- runScenario -->
        <test-method signature="runScenario(io.cucumber.testng.PickleWrapper,io.cucumber.testng.FeatureWrapper)[pri:0, instance:testRunner.RunnerClass@8c3b9d]" started-at="2025-02-07T16:35:55 IST" name="runScenario" description="Runs Cucumber Scenarios" data-provider="scenarios" finished-at="2025-02-07T16:35:55 IST" duration-ms="14" status="PASS">
          <params>
            <param index="0">
              <value>
                <![CDATA["Validation of invalid Login Credentials"]]>
              </value>
            </param>
            <param index="1">
              <value>
                <![CDATA["Suthir_05feb2025_Adactin_Hotel_Login_Validation"]]>
              </value>
            </param>
          </params>
          <reporter-output>
          </reporter-output>
        </test-method> <!-- runScenario -->
        <test-method signature="runScenario(io.cucumber.testng.PickleWrapper,io.cucumber.testng.FeatureWrapper)[pri:0, instance:testRunner.RunnerClass@8c3b9d]" started-at="2025-02-07T16:35:55 IST" name="runScenario" description="Runs Cucumber Scenarios" data-provider="scenarios" finished-at="2025-02-07T16:35:55 IST" duration-ms="15" status="PASS">
          <params>
            <param index="0">
              <value>
                <![CDATA["Validation of invalid Login Credentials"]]>
              </value>
            </param>
            <param index="1">
              <value>
                <![CDATA["Suthir_05feb2025_Adactin_Hotel_Login_Validation"]]>
              </value>
            </param>
          </params>
          <reporter-output>
          </reporter-output>
        </test-method> <!-- runScenario -->
        <test-method signature="runScenario(io.cucumber.testng.PickleWrapper,io.cucumber.testng.FeatureWrapper)[pri:0, instance:testRunner.RunnerClass@8c3b9d]" started-at="2025-02-07T16:35:55 IST" name="runScenario" description="Runs Cucumber Scenarios" data-provider="scenarios" finished-at="2025-02-07T16:35:55 IST" duration-ms="17" status="PASS">
          <params>
            <param index="0">
              <value>
                <![CDATA["Seaching the hotels validation"]]>
              </value>
            </param>
            <param index="1">
              <value>
                <![CDATA["Suthir_05feb2025_Adactin_Hotel_Search_Hotel"]]>
              </value>
            </param>
          </params>
          <reporter-output>
          </reporter-output>
        </test-method> <!-- runScenario -->
        <test-method signature="runScenario(io.cucumber.testng.PickleWrapper,io.cucumber.testng.FeatureWrapper)[pri:0, instance:testRunner.RunnerClass@8c3b9d]" started-at="2025-02-07T16:35:55 IST" name="runScenario" description="Runs Cucumber Scenarios" data-provider="scenarios" finished-at="2025-02-07T16:35:55 IST" duration-ms="18" status="PASS">
          <params>
            <param index="0">
              <value>
                <![CDATA["Seaching the hotels validation"]]>
              </value>
            </param>
            <param index="1">
              <value>
                <![CDATA["Suthir_06feb2025_Adactin_Hotel_logout"]]>
              </value>
            </param>
          </params>
          <reporter-output>
          </reporter-output>
        </test-method> <!-- runScenario -->
        <test-method signature="runScenario(io.cucumber.testng.PickleWrapper,io.cucumber.testng.FeatureWrapper)[pri:0, instance:testRunner.RunnerClass@8c3b9d]" started-at="2025-02-07T16:35:55 IST" name="runScenario" description="Runs Cucumber Scenarios" data-provider="scenarios" finished-at="2025-02-07T16:35:55 IST" duration-ms="12" status="PASS">
          <params>
            <param index="0">
              <value>
                <![CDATA["Validation of Cancel Booking"]]>
              </value>
            </param>
            <param index="1">
              <value>
                <![CDATA["Suthir_06feb2025_Adactin_Hotel_Cancel_Booking"]]>
              </value>
            </param>
          </params>
          <reporter-output>
          </reporter-output>
        </test-method> <!-- runScenario -->
        <test-method signature="runScenario(io.cucumber.testng.PickleWrapper,io.cucumber.testng.FeatureWrapper)[pri:0, instance:testRunner.RunnerClass@8c3b9d]" started-at="2025-02-07T16:35:55 IST" name="runScenario" description="Runs Cucumber Scenarios" data-provider="scenarios" finished-at="2025-02-07T16:35:55 IST" duration-ms="13" status="PASS">
          <params>
            <param index="0">
              <value>
                <![CDATA["Successful login with valid credentials"]]>
              </value>
            </param>
            <param index="1">
              <value>
                <![CDATA["Ragul_24JAN2025_DemoBlaze_User Login"]]>
              </value>
            </param>
          </params>
          <reporter-output>
          </reporter-output>
        </test-method> <!-- runScenario -->
        <test-method signature="runScenario(io.cucumber.testng.PickleWrapper,io.cucumber.testng.FeatureWrapper)[pri:0, instance:testRunner.RunnerClass@8c3b9d]" started-at="2025-02-07T16:35:55 IST" name="runScenario" description="Runs Cucumber Scenarios" data-provider="scenarios" finished-at="2025-02-07T16:35:55 IST" duration-ms="11" status="PASS">
          <params>
            <param index="0">
              <value>
                <![CDATA["Add a product to the cart"]]>
              </value>
            </param>
            <param index="1">
              <value>
                <![CDATA["Ragul_24JAN2025_DemoBlaze_SearchProduct"]]>
              </value>
            </param>
          </params>
          <reporter-output>
          </reporter-output>
        </test-method> <!-- runScenario -->
        <test-method signature="runScenario(io.cucumber.testng.PickleWrapper,io.cucumber.testng.FeatureWrapper)[pri:0, instance:testRunner.RunnerClass@8c3b9d]" started-at="2025-02-07T16:35:55 IST" name="runScenario" description="Runs Cucumber Scenarios" data-provider="scenarios" finished-at="2025-02-07T16:35:55 IST" duration-ms="15" status="PASS">
          <params>
            <param index="0">
              <value>
                <![CDATA["Successfully proceed to checkout"]]>
              </value>
            </param>
            <param index="1">
              <value>
                <![CDATA["Ragul_24JAN2025_DemoBlaze_Checkout Process"]]>
              </value>
            </param>
          </params>
          <reporter-output>
          </reporter-output>
        </test-method> <!-- runScenario -->
        <test-method signature="runScenario(io.cucumber.testng.PickleWrapper,io.cucumber.testng.FeatureWrapper)[pri:0, instance:testRunner.RunnerClass@8c3b9d]" started-at="2025-02-07T16:35:56 IST" name="runScenario" description="Runs Cucumber Scenarios" data-provider="scenarios" finished-at="2025-02-07T16:35:56 IST" duration-ms="8" status="PASS">
          <params>
            <param index="0">
              <value>
                <![CDATA["User successfully navigates to the "Laptops" category"]]>
              </value>
            </param>
            <param index="1">
              <value>
                <![CDATA["Ragul_24JAN2025_DemoBlaze_Navigating to Categories"]]>
              </value>
            </param>
          </params>
          <reporter-output>
          </reporter-output>
        </test-method> <!-- runScenario -->
        <test-method signature="runScenario(io.cucumber.testng.PickleWrapper,io.cucumber.testng.FeatureWrapper)[pri:0, instance:testRunner.RunnerClass@8c3b9d]" started-at="2025-02-07T16:35:56 IST" name="runScenario" description="Runs Cucumber Scenarios" data-provider="scenarios" finished-at="2025-02-07T16:35:56 IST" duration-ms="9" status="PASS">
          <params>
            <param index="0">
              <value>
                <![CDATA["Adding a product to the cart with various user inputs"]]>
              </value>
            </param>
            <param index="1">
              <value>
                <![CDATA["Ragul_28JAN2025_DemoBlaze_Adding a Product to Cart"]]>
              </value>
            </param>
          </params>
          <reporter-output>
          </reporter-output>
        </test-method> <!-- runScenario -->
        <test-method signature="runScenario(io.cucumber.testng.PickleWrapper,io.cucumber.testng.FeatureWrapper)[pri:0, instance:testRunner.RunnerClass@8c3b9d]" started-at="2025-02-07T16:35:56 IST" name="runScenario" description="Runs Cucumber Scenarios" data-provider="scenarios" finished-at="2025-02-07T16:35:56 IST" duration-ms="9" status="PASS">
          <params>
            <param index="0">
              <value>
                <![CDATA["Adding a product to the cart with various user inputs"]]>
              </value>
            </param>
            <param index="1">
              <value>
                <![CDATA["Ragul_28JAN2025_DemoBlaze_Adding a Product to Cart"]]>
              </value>
            </param>
          </params>
          <reporter-output>
          </reporter-output>
        </test-method> <!-- runScenario -->
        <test-method signature="runScenario(io.cucumber.testng.PickleWrapper,io.cucumber.testng.FeatureWrapper)[pri:0, instance:testRunner.RunnerClass@8c3b9d]" started-at="2025-02-07T16:35:56 IST" name="runScenario" description="Runs Cucumber Scenarios" data-provider="scenarios" finished-at="2025-02-07T16:35:56 IST" duration-ms="8" status="PASS">
          <params>
            <param index="0">
              <value>
                <![CDATA["Adding a product to the cart with various user inputs"]]>
              </value>
            </param>
            <param index="1">
              <value>
                <![CDATA["Ragul_28JAN2025_DemoBlaze_Adding a Product to Cart"]]>
              </value>
            </param>
          </params>
          <reporter-output>
          </reporter-output>
        </test-method> <!-- runScenario -->
        <test-method signature="runScenario(io.cucumber.testng.PickleWrapper,io.cucumber.testng.FeatureWrapper)[pri:0, instance:testRunner.RunnerClass@8c3b9d]" started-at="2025-02-07T16:35:56 IST" name="runScenario" description="Runs Cucumber Scenarios" data-provider="scenarios" finished-at="2025-02-07T16:35:56 IST" duration-ms="6" status="PASS">
          <params>
            <param index="0">
              <value>
                <![CDATA["Adding a product to the cart with various user inputs"]]>
              </value>
            </param>
            <param index="1">
              <value>
                <![CDATA["Ragul_28JAN2025_DemoBlaze_Adding a Product to Cart"]]>
              </value>
            </param>
          </params>
          <reporter-output>
          </reporter-output>
        </test-method> <!-- runScenario -->
        <test-method signature="runScenario(io.cucumber.testng.PickleWrapper,io.cucumber.testng.FeatureWrapper)[pri:0, instance:testRunner.RunnerClass@8c3b9d]" started-at="2025-02-07T16:35:56 IST" name="runScenario" description="Runs Cucumber Scenarios" data-provider="scenarios" finished-at="2025-02-07T16:35:56 IST" duration-ms="14" status="PASS">
          <params>
            <param index="0">
              <value>
                <![CDATA["Adding a product to the cart with various user inputs"]]>
              </value>
            </param>
            <param index="1">
              <value>
                <![CDATA["Ragul_28JAN2025_DemoBlaze_Adding a Product to Cart"]]>
              </value>
            </param>
          </params>
          <reporter-output>
          </reporter-output>
        </test-method> <!-- runScenario -->
        <test-method signature="runScenario(io.cucumber.testng.PickleWrapper,io.cucumber.testng.FeatureWrapper)[pri:0, instance:testRunner.RunnerClass@8c3b9d]" started-at="2025-02-07T16:35:56 IST" name="runScenario" description="Runs Cucumber Scenarios" data-provider="scenarios" finished-at="2025-02-07T16:35:56 IST" duration-ms="8" status="PASS">
          <params>
            <param index="0">
              <value>
                <![CDATA["User visits the homepage and sees the correct title"]]>
              </value>
            </param>
            <param index="1">
              <value>
                <![CDATA["Ragul_29JAN2025_DemoBlaze_Website Interaction with Demo Blaze website for browsing and navigation"]]>
              </value>
            </param>
          </params>
          <reporter-output>
          </reporter-output>
        </test-method> <!-- runScenario -->
        <test-method signature="runScenario(io.cucumber.testng.PickleWrapper,io.cucumber.testng.FeatureWrapper)[pri:0, instance:testRunner.RunnerClass@8c3b9d]" started-at="2025-02-07T16:35:56 IST" name="runScenario" description="Runs Cucumber Scenarios" data-provider="scenarios" finished-at="2025-02-07T16:35:56 IST" duration-ms="10" status="PASS">
          <params>
            <param index="0">
              <value>
                <![CDATA["User clicks on the "Laptops" category and verifies the product list"]]>
              </value>
            </param>
            <param index="1">
              <value>
                <![CDATA["Ragul_29JAN2025_DemoBlaze_Website Interaction with Demo Blaze website for browsing and navigation"]]>
              </value>
            </param>
          </params>
          <reporter-output>
          </reporter-output>
        </test-method> <!-- runScenario -->
        <test-method signature="runScenario(io.cucumber.testng.PickleWrapper,io.cucumber.testng.FeatureWrapper)[pri:0, instance:testRunner.RunnerClass@8c3b9d]" started-at="2025-02-07T16:35:56 IST" name="runScenario" description="Runs Cucumber Scenarios" data-provider="scenarios" finished-at="2025-02-07T16:35:56 IST" duration-ms="8" status="PASS">
          <params>
            <param index="0">
              <value>
                <![CDATA["User visits the "Contact Us" page and verifies the header"]]>
              </value>
            </param>
            <param index="1">
              <value>
                <![CDATA["Ragul_29JAN2025_DemoBlaze_Website Interaction with Demo Blaze website for browsing and navigation"]]>
              </value>
            </param>
          </params>
          <reporter-output>
          </reporter-output>
        </test-method> <!-- runScenario -->
        <test-method signature="runScenario(io.cucumber.testng.PickleWrapper,io.cucumber.testng.FeatureWrapper)[pri:0, instance:testRunner.RunnerClass@8c3b9d]" started-at="2025-02-07T16:35:56 IST" name="runScenario" description="Runs Cucumber Scenarios" data-provider="scenarios" finished-at="2025-02-07T16:35:56 IST" duration-ms="9" status="PASS">
          <params>
            <param index="0">
              <value>
                <![CDATA["User visits the "About Us" page and verifies content"]]>
              </value>
            </param>
            <param index="1">
              <value>
                <![CDATA["Ragul_29JAN2025_DemoBlaze_Website Interaction with Demo Blaze website for browsing and navigation"]]>
              </value>
            </param>
          </params>
          <reporter-output>
          </reporter-output>
        </test-method> <!-- runScenario -->
        <test-method signature="runScenario(io.cucumber.testng.PickleWrapper,io.cucumber.testng.FeatureWrapper)[pri:0, instance:testRunner.RunnerClass@8c3b9d]" started-at="2025-02-07T16:35:56 IST" name="runScenario" description="Runs Cucumber Scenarios" data-provider="scenarios" finished-at="2025-02-07T16:35:56 IST" duration-ms="10" status="PASS">
          <params>
            <param index="0">
              <value>
                <![CDATA["User clicks on the "Home" button to return to the homepage"]]>
              </value>
            </param>
            <param index="1">
              <value>
                <![CDATA["Ragul_29JAN2025_DemoBlaze_Website Interaction with Demo Blaze website for browsing and navigation"]]>
              </value>
            </param>
          </params>
          <reporter-output>
          </reporter-output>
        </test-method> <!-- runScenario -->
        <test-method signature="runScenario(io.cucumber.testng.PickleWrapper,io.cucumber.testng.FeatureWrapper)[pri:0, instance:testRunner.RunnerClass@8c3b9d]" started-at="2025-02-07T16:35:56 IST" name="runScenario" description="Runs Cucumber Scenarios" data-provider="scenarios" finished-at="2025-02-07T16:35:56 IST" duration-ms="7" status="PASS">
          <params>
            <param index="0">
              <value>
                <![CDATA["User Login and Logout Workflow"]]>
              </value>
            </param>
            <param index="1">
              <value>
                <![CDATA["Ragul_30JAN2025_herokuapp_Automating advanced features on The Internet website"]]>
              </value>
            </param>
          </params>
          <reporter-output>
          </reporter-output>
        </test-method> <!-- runScenario -->
        <test-method signature="runScenario(io.cucumber.testng.PickleWrapper,io.cucumber.testng.FeatureWrapper)[pri:0, instance:testRunner.RunnerClass@8c3b9d]" started-at="2025-02-07T16:35:56 IST" name="runScenario" description="Runs Cucumber Scenarios" data-provider="scenarios" finished-at="2025-02-07T16:35:56 IST" duration-ms="8" status="PASS">
          <params>
            <param index="0">
              <value>
                <![CDATA["Handle JavaScript Alerts and Confirmations"]]>
              </value>
            </param>
            <param index="1">
              <value>
                <![CDATA["Ragul_30JAN2025_herokuapp_Automating advanced features on The Internet website"]]>
              </value>
            </param>
          </params>
          <reporter-output>
          </reporter-output>
        </test-method> <!-- runScenario -->
        <test-method signature="runScenario(io.cucumber.testng.PickleWrapper,io.cucumber.testng.FeatureWrapper)[pri:0, instance:testRunner.RunnerClass@8c3b9d]" started-at="2025-02-07T16:35:56 IST" name="runScenario" description="Runs Cucumber Scenarios" data-provider="scenarios" finished-at="2025-02-07T16:35:56 IST" duration-ms="10" status="PASS">
          <params>
            <param index="0">
              <value>
                <![CDATA["Interact with Dropdown and Select Options"]]>
              </value>
            </param>
            <param index="1">
              <value>
                <![CDATA["Ragul_30JAN2025_herokuapp_Automating advanced features on The Internet website"]]>
              </value>
            </param>
          </params>
          <reporter-output>
          </reporter-output>
        </test-method> <!-- runScenario -->
        <test-method signature="runScenario(io.cucumber.testng.PickleWrapper,io.cucumber.testng.FeatureWrapper)[pri:0, instance:testRunner.RunnerClass@8c3b9d]" started-at="2025-02-07T16:35:56 IST" name="runScenario" description="Runs Cucumber Scenarios" data-provider="scenarios" finished-at="2025-02-07T16:35:56 IST" duration-ms="7" status="PASS">
          <params>
            <param index="0">
              <value>
                <![CDATA["Work with Checkboxes"]]>
              </value>
            </param>
            <param index="1">
              <value>
                <![CDATA["Ragul_30JAN2025_herokuapp_Automating advanced features on The Internet website"]]>
              </value>
            </param>
          </params>
          <reporter-output>
          </reporter-output>
        </test-method> <!-- runScenario -->
        <test-method signature="runScenario(io.cucumber.testng.PickleWrapper,io.cucumber.testng.FeatureWrapper)[pri:0, instance:testRunner.RunnerClass@8c3b9d]" started-at="2025-02-07T16:35:56 IST" name="runScenario" description="Runs Cucumber Scenarios" data-provider="scenarios" finished-at="2025-02-07T16:35:56 IST" duration-ms="7" status="PASS">
          <params>
            <param index="0">
              <value>
                <![CDATA["File Upload and Validation"]]>
              </value>
            </param>
            <param index="1">
              <value>
                <![CDATA["Ragul_30JAN2025_herokuapp_Automating advanced features on The Internet website"]]>
              </value>
            </param>
          </params>
          <reporter-output>
          </reporter-output>
        </test-method> <!-- runScenario -->
        <test-method signature="runScenario(io.cucumber.testng.PickleWrapper,io.cucumber.testng.FeatureWrapper)[pri:0, instance:testRunner.RunnerClass@8c3b9d]" started-at="2025-02-07T16:35:56 IST" name="runScenario" description="Runs Cucumber Scenarios" data-provider="scenarios" finished-at="2025-02-07T16:35:56 IST" duration-ms="12" status="PASS">
          <params>
            <param index="0">
              <value>
                <![CDATA["Handle Multiple Windows"]]>
              </value>
            </param>
            <param index="1">
              <value>
                <![CDATA["Ragul_30JAN2025_herokuapp_Automating advanced features on The Internet website"]]>
              </value>
            </param>
          </params>
          <reporter-output>
          </reporter-output>
        </test-method> <!-- runScenario -->
        <test-method signature="runScenario(io.cucumber.testng.PickleWrapper,io.cucumber.testng.FeatureWrapper)[pri:0, instance:testRunner.RunnerClass@8c3b9d]" started-at="2025-02-07T16:35:56 IST" name="runScenario" description="Runs Cucumber Scenarios" data-provider="scenarios" finished-at="2025-02-07T16:35:56 IST" duration-ms="10" status="PASS">
          <params>
            <param index="0">
              <value>
                <![CDATA["Handle JavaScript Popups and Text Entry"]]>
              </value>
            </param>
            <param index="1">
              <value>
                <![CDATA["Ragul_03Feb2025_herokuapp Additional Scenarios for Interaction on the Website"]]>
              </value>
            </param>
          </params>
          <reporter-output>
          </reporter-output>
        </test-method> <!-- runScenario -->
        <test-method signature="runScenario(io.cucumber.testng.PickleWrapper,io.cucumber.testng.FeatureWrapper)[pri:0, instance:testRunner.RunnerClass@8c3b9d]" started-at="2025-02-07T16:35:56 IST" name="runScenario" description="Runs Cucumber Scenarios" data-provider="scenarios" finished-at="2025-02-07T16:35:56 IST" duration-ms="8" status="PASS">
          <params>
            <param index="0">
              <value>
                <![CDATA["Drag and Drop Interaction"]]>
              </value>
            </param>
            <param index="1">
              <value>
                <![CDATA["Ragul_03Feb2025_herokuapp Additional Scenarios for Interaction on the Website"]]>
              </value>
            </param>
          </params>
          <reporter-output>
          </reporter-output>
        </test-method> <!-- runScenario -->
        <test-method signature="runScenario(io.cucumber.testng.PickleWrapper,io.cucumber.testng.FeatureWrapper)[pri:0, instance:testRunner.RunnerClass@8c3b9d]" started-at="2025-02-07T16:35:56 IST" name="runScenario" description="Runs Cucumber Scenarios" data-provider="scenarios" finished-at="2025-02-07T16:35:56 IST" duration-ms="7" status="PASS">
          <params>
            <param index="0">
              <value>
                <![CDATA["Navigate Between Different Pages"]]>
              </value>
            </param>
            <param index="1">
              <value>
                <![CDATA["Ragul_03Feb2025_herokuapp Additional Scenarios for Interaction on the Website"]]>
              </value>
            </param>
          </params>
          <reporter-output>
          </reporter-output>
        </test-method> <!-- runScenario -->
        <test-method signature="runScenario(io.cucumber.testng.PickleWrapper,io.cucumber.testng.FeatureWrapper)[pri:0, instance:testRunner.RunnerClass@8c3b9d]" started-at="2025-02-07T16:35:56 IST" name="runScenario" description="Runs Cucumber Scenarios" data-provider="scenarios" finished-at="2025-02-07T16:35:56 IST" duration-ms="5" status="PASS">
          <params>
            <param index="0">
              <value>
                <![CDATA["Verify Page Title"]]>
              </value>
            </param>
            <param index="1">
              <value>
                <![CDATA["Ragul_03Feb2025_herokuapp Additional Scenarios for Interaction on the Website"]]>
              </value>
            </param>
          </params>
          <reporter-output>
          </reporter-output>
        </test-method> <!-- runScenario -->
        <test-method signature="runScenario(io.cucumber.testng.PickleWrapper,io.cucumber.testng.FeatureWrapper)[pri:0, instance:testRunner.RunnerClass@8c3b9d]" started-at="2025-02-07T16:35:56 IST" name="runScenario" description="Runs Cucumber Scenarios" data-provider="scenarios" finished-at="2025-02-07T16:35:56 IST" duration-ms="7" status="PASS">
          <params>
            <param index="0">
              <value>
                <![CDATA["Handle Multiple Windows"]]>
              </value>
            </param>
            <param index="1">
              <value>
                <![CDATA["Ragul_03Feb2025_herokuapp Additional Scenarios for Interaction on the Website"]]>
              </value>
            </param>
          </params>
          <reporter-output>
          </reporter-output>
        </test-method> <!-- runScenario -->
        <test-method signature="runScenario(io.cucumber.testng.PickleWrapper,io.cucumber.testng.FeatureWrapper)[pri:0, instance:testRunner.RunnerClass@8c3b9d]" started-at="2025-02-07T16:35:56 IST" name="runScenario" description="Runs Cucumber Scenarios" data-provider="scenarios" finished-at="2025-02-07T16:35:56 IST" duration-ms="7" status="PASS">
          <params>
            <param index="0">
              <value>
                <![CDATA["Verify Checkboxes are Unchecked by Default"]]>
              </value>
            </param>
            <param index="1">
              <value>
                <![CDATA["Ragul_03Feb2025_herokuapp Additional Scenarios for Interaction on the Website"]]>
              </value>
            </param>
          </params>
          <reporter-output>
          </reporter-output>
        </test-method> <!-- runScenario -->
        <test-method signature="runScenario(io.cucumber.testng.PickleWrapper,io.cucumber.testng.FeatureWrapper)[pri:0, instance:testRunner.RunnerClass@8c3b9d]" started-at="2025-02-07T16:35:56 IST" name="runScenario" description="Runs Cucumber Scenarios" data-provider="scenarios" finished-at="2025-02-07T16:35:56 IST" duration-ms="7" status="PASS">
          <params>
            <param index="0">
              <value>
                <![CDATA["Verify Text on the Page"]]>
              </value>
            </param>
            <param index="1">
              <value>
                <![CDATA["Ragul_03Feb2025_herokuapp Additional Scenarios for Interaction on the Website"]]>
              </value>
            </param>
          </params>
          <reporter-output>
          </reporter-output>
        </test-method> <!-- runScenario -->
        <test-method signature="runScenario(io.cucumber.testng.PickleWrapper,io.cucumber.testng.FeatureWrapper)[pri:0, instance:testRunner.RunnerClass@8c3b9d]" started-at="2025-02-07T16:35:56 IST" name="runScenario" description="Runs Cucumber Scenarios" data-provider="scenarios" finished-at="2025-02-07T16:35:56 IST" duration-ms="5" status="PASS">
          <params>
            <param index="0">
              <value>
                <![CDATA["Verify that content changes on page reload"]]>
              </value>
            </param>
            <param index="1">
              <value>
                <![CDATA["Ragul_03Feb2025_herokuapp Additional Scenarios for Interaction on the Website"]]>
              </value>
            </param>
          </params>
          <reporter-output>
          </reporter-output>
        </test-method> <!-- runScenario -->
        <test-method signature="runScenario(io.cucumber.testng.PickleWrapper,io.cucumber.testng.FeatureWrapper)[pri:0, instance:testRunner.RunnerClass@8c3b9d]" started-at="2025-02-07T16:35:56 IST" name="runScenario" description="Runs Cucumber Scenarios" data-provider="scenarios" finished-at="2025-02-07T16:35:56 IST" duration-ms="8" status="PASS">
          <params>
            <param index="0">
              <value>
                <![CDATA["Verify that all products are displayed after login with a custom user"]]>
              </value>
            </param>
            <param index="1">
              <value>
                <![CDATA["Ragul_04Feb2025_ Advanced Interactions with Sauce Labs Website"]]>
              </value>
            </param>
          </params>
          <reporter-output>
          </reporter-output>
        </test-method> <!-- runScenario -->
        <test-method signature="runScenario(io.cucumber.testng.PickleWrapper,io.cucumber.testng.FeatureWrapper)[pri:0, instance:testRunner.RunnerClass@8c3b9d]" started-at="2025-02-07T16:35:56 IST" name="runScenario" description="Runs Cucumber Scenarios" data-provider="scenarios" finished-at="2025-02-07T16:35:56 IST" duration-ms="6" status="PASS">
          <params>
            <param index="0">
              <value>
                <![CDATA["Add a product to the cart, proceed to checkout, and complete the purchase"]]>
              </value>
            </param>
            <param index="1">
              <value>
                <![CDATA["Ragul_04Feb2025_ Advanced Interactions with Sauce Labs Website"]]>
              </value>
            </param>
          </params>
          <reporter-output>
          </reporter-output>
        </test-method> <!-- runScenario -->
        <test-method signature="runScenario(io.cucumber.testng.PickleWrapper,io.cucumber.testng.FeatureWrapper)[pri:0, instance:testRunner.RunnerClass@8c3b9d]" started-at="2025-02-07T16:35:56 IST" name="runScenario" description="Runs Cucumber Scenarios" data-provider="scenarios" finished-at="2025-02-07T16:35:56 IST" duration-ms="6" status="PASS">
          <params>
            <param index="0">
              <value>
                <![CDATA["Verify the sorting functionality (Price High to Low and Low to High)"]]>
              </value>
            </param>
            <param index="1">
              <value>
                <![CDATA["Ragul_04Feb2025_ Advanced Interactions with Sauce Labs Website"]]>
              </value>
            </param>
          </params>
          <reporter-output>
          </reporter-output>
        </test-method> <!-- runScenario -->
        <test-method signature="runScenario(io.cucumber.testng.PickleWrapper,io.cucumber.testng.FeatureWrapper)[pri:0, instance:testRunner.RunnerClass@8c3b9d]" started-at="2025-02-07T16:35:56 IST" name="runScenario" description="Runs Cucumber Scenarios" data-provider="scenarios" finished-at="2025-02-07T16:35:56 IST" duration-ms="6" status="PASS">
          <params>
            <param index="0">
              <value>
                <![CDATA["Add multiple products to the cart, go to the cart, and verify the cart contents"]]>
              </value>
            </param>
            <param index="1">
              <value>
                <![CDATA["Ragul_04Feb2025_ Advanced Interactions with Sauce Labs Website"]]>
              </value>
            </param>
          </params>
          <reporter-output>
          </reporter-output>
        </test-method> <!-- runScenario -->
        <test-method signature="runScenario(io.cucumber.testng.PickleWrapper,io.cucumber.testng.FeatureWrapper)[pri:0, instance:testRunner.RunnerClass@8c3b9d]" started-at="2025-02-07T16:35:56 IST" name="runScenario" description="Runs Cucumber Scenarios" data-provider="scenarios" finished-at="2025-02-07T16:35:56 IST" duration-ms="6" status="PASS">
          <params>
            <param index="0">
              <value>
                <![CDATA["Validation of Login using valid credentials"]]>
              </value>
            </param>
            <param index="1">
              <value>
                <![CDATA["Expleosurance01_Shiva_21Jan2025_Login credentials"]]>
              </value>
            </param>
          </params>
          <reporter-output>
          </reporter-output>
        </test-method> <!-- runScenario -->
        <test-method signature="runScenario(io.cucumber.testng.PickleWrapper,io.cucumber.testng.FeatureWrapper)[pri:0, instance:testRunner.RunnerClass@8c3b9d]" started-at="2025-02-07T16:35:56 IST" name="runScenario" description="Runs Cucumber Scenarios" data-provider="scenarios" finished-at="2025-02-07T16:35:56 IST" duration-ms="7" status="PASS">
          <params>
            <param index="0">
              <value>
                <![CDATA["Validation of invalid credentials"]]>
              </value>
            </param>
            <param index="1">
              <value>
                <![CDATA["Expleosurance02_Shiva_21Jan2025_Invalid login Credentials"]]>
              </value>
            </param>
          </params>
          <reporter-output>
          </reporter-output>
        </test-method> <!-- runScenario -->
        <test-method signature="runScenario(io.cucumber.testng.PickleWrapper,io.cucumber.testng.FeatureWrapper)[pri:0, instance:testRunner.RunnerClass@8c3b9d]" started-at="2025-02-07T16:35:56 IST" name="runScenario" description="Runs Cucumber Scenarios" data-provider="scenarios" finished-at="2025-02-07T16:35:56 IST" duration-ms="4" status="PASS">
          <params>
            <param index="0">
              <value>
                <![CDATA["Validation of invalid credentials"]]>
              </value>
            </param>
            <param index="1">
              <value>
                <![CDATA["Expleosurance02_Shiva_21Jan2025_Invalid login Credentials"]]>
              </value>
            </param>
          </params>
          <reporter-output>
          </reporter-output>
        </test-method> <!-- runScenario -->
        <test-method signature="runScenario(io.cucumber.testng.PickleWrapper,io.cucumber.testng.FeatureWrapper)[pri:0, instance:testRunner.RunnerClass@8c3b9d]" started-at="2025-02-07T16:35:56 IST" name="runScenario" description="Runs Cucumber Scenarios" data-provider="scenarios" finished-at="2025-02-07T16:35:56 IST" duration-ms="6" status="PASS">
          <params>
            <param index="0">
              <value>
                <![CDATA["Validation of invalid credentials"]]>
              </value>
            </param>
            <param index="1">
              <value>
                <![CDATA["Expleosurance02_Shiva_21Jan2025_Invalid login Credentials"]]>
              </value>
            </param>
          </params>
          <reporter-output>
          </reporter-output>
        </test-method> <!-- runScenario -->
        <test-method signature="runScenario(io.cucumber.testng.PickleWrapper,io.cucumber.testng.FeatureWrapper)[pri:0, instance:testRunner.RunnerClass@8c3b9d]" started-at="2025-02-07T16:35:56 IST" name="runScenario" description="Runs Cucumber Scenarios" data-provider="scenarios" finished-at="2025-02-07T16:35:56 IST" duration-ms="6" status="PASS">
          <params>
            <param index="0">
              <value>
                <![CDATA["Validation of Empty credentials"]]>
              </value>
            </param>
            <param index="1">
              <value>
                <![CDATA["Expleosurance02_Shiva_21Jan2025_Invalid login Credentials"]]>
              </value>
            </param>
          </params>
          <reporter-output>
          </reporter-output>
        </test-method> <!-- runScenario -->
        <test-method signature="runScenario(io.cucumber.testng.PickleWrapper,io.cucumber.testng.FeatureWrapper)[pri:0, instance:testRunner.RunnerClass@8c3b9d]" started-at="2025-02-07T16:35:56 IST" name="runScenario" description="Runs Cucumber Scenarios" data-provider="scenarios" finished-at="2025-02-07T16:35:56 IST" duration-ms="8" status="PASS">
          <params>
            <param index="0">
              <value>
                <![CDATA["Validation of Empty credentials"]]>
              </value>
            </param>
            <param index="1">
              <value>
                <![CDATA["Expleosurance02_Shiva_21Jan2025_Invalid login Credentials"]]>
              </value>
            </param>
          </params>
          <reporter-output>
          </reporter-output>
        </test-method> <!-- runScenario -->
        <test-method signature="runScenario(io.cucumber.testng.PickleWrapper,io.cucumber.testng.FeatureWrapper)[pri:0, instance:testRunner.RunnerClass@8c3b9d]" started-at="2025-02-07T16:35:56 IST" name="runScenario" description="Runs Cucumber Scenarios" data-provider="scenarios" finished-at="2025-02-07T16:35:56 IST" duration-ms="11" status="PASS">
          <params>
            <param index="0">
              <value>
                <![CDATA["Validation of Empty credentials"]]>
              </value>
            </param>
            <param index="1">
              <value>
                <![CDATA["Expleosurance02_Shiva_21Jan2025_Invalid login Credentials"]]>
              </value>
            </param>
          </params>
          <reporter-output>
          </reporter-output>
        </test-method> <!-- runScenario -->
        <test-method signature="runScenario(io.cucumber.testng.PickleWrapper,io.cucumber.testng.FeatureWrapper)[pri:0, instance:testRunner.RunnerClass@8c3b9d]" started-at="2025-02-07T16:35:56 IST" name="runScenario" description="Runs Cucumber Scenarios" data-provider="scenarios" finished-at="2025-02-07T16:35:56 IST" duration-ms="12" status="PASS">
          <params>
            <param index="0">
              <value>
                <![CDATA["Validating Delete Policy for Cancel button"]]>
              </value>
            </param>
            <param index="1">
              <value>
                <![CDATA["Suthir_22Jan2025_Expleosurance_Delete_Policy"]]>
              </value>
            </param>
          </params>
          <reporter-output>
          </reporter-output>
        </test-method> <!-- runScenario -->
        <test-method signature="runScenario(io.cucumber.testng.PickleWrapper,io.cucumber.testng.FeatureWrapper)[pri:0, instance:testRunner.RunnerClass@8c3b9d]" started-at="2025-02-07T16:35:56 IST" name="runScenario" description="Runs Cucumber Scenarios" data-provider="scenarios" finished-at="2025-02-07T16:35:56 IST" duration-ms="7" status="PASS">
          <params>
            <param index="0">
              <value>
                <![CDATA["Validating Delete Policy and Yes button"]]>
              </value>
            </param>
            <param index="1">
              <value>
                <![CDATA["Suthir_22Jan2025_Expleosurance_Delete_Policy"]]>
              </value>
            </param>
          </params>
          <reporter-output>
          </reporter-output>
        </test-method> <!-- runScenario -->
        <test-method signature="runScenario(io.cucumber.testng.PickleWrapper,io.cucumber.testng.FeatureWrapper)[pri:0, instance:testRunner.RunnerClass@8c3b9d]" started-at="2025-02-07T16:35:56 IST" name="runScenario" description="Runs Cucumber Scenarios" data-provider="scenarios" finished-at="2025-02-07T16:35:56 IST" duration-ms="7" status="PASS">
          <params>
            <param index="0">
              <value>
                <![CDATA["Print table header in console"]]>
              </value>
            </param>
            <param index="1">
              <value>
                <![CDATA["Suthir_22Jan2025_Expleosurance_Get_Table_Header"]]>
              </value>
            </param>
          </params>
          <reporter-output>
          </reporter-output>
        </test-method> <!-- runScenario -->
        <test-method signature="runScenario(io.cucumber.testng.PickleWrapper,io.cucumber.testng.FeatureWrapper)[pri:0, instance:testRunner.RunnerClass@8c3b9d]" started-at="2025-02-07T16:35:56 IST" name="runScenario" description="Runs Cucumber Scenarios" data-provider="scenarios" finished-at="2025-02-07T16:35:56 IST" duration-ms="9" status="PASS">
          <params>
            <param index="0">
              <value>
                <![CDATA["User is changing the Password"]]>
              </value>
            </param>
            <param index="1">
              <value>
                <![CDATA["Suthir_22Jan2025_Expleosurance_Forget_password_functionalities"]]>
              </value>
            </param>
          </params>
          <reporter-output>
          </reporter-output>
        </test-method> <!-- runScenario -->
        <test-method signature="runScenario(io.cucumber.testng.PickleWrapper,io.cucumber.testng.FeatureWrapper)[pri:0, instance:testRunner.RunnerClass@8c3b9d]" started-at="2025-02-07T16:35:56 IST" name="runScenario" description="Runs Cucumber Scenarios" data-provider="scenarios" finished-at="2025-02-07T16:35:56 IST" duration-ms="6" status="PASS">
          <params>
            <param index="0">
              <value>
                <![CDATA["user enters insurance policy details"]]>
              </value>
            </param>
            <param index="1">
              <value>
                <![CDATA["Expleosurance06_Aarthi_22Jan2025_New Insurance"]]>
              </value>
            </param>
          </params>
          <reporter-output>
          </reporter-output>
        </test-method> <!-- runScenario -->
        <test-method signature="runScenario(io.cucumber.testng.PickleWrapper,io.cucumber.testng.FeatureWrapper)[pri:0, instance:testRunner.RunnerClass@8c3b9d]" started-at="2025-02-07T16:35:56 IST" name="runScenario" description="Runs Cucumber Scenarios" data-provider="scenarios" finished-at="2025-02-07T16:35:56 IST" duration-ms="8" status="PASS">
          <params>
            <param index="0">
              <value>
                <![CDATA["user enters insurance policy details"]]>
              </value>
            </param>
            <param index="1">
              <value>
                <![CDATA["Expleosurance06_Aarthi_22Jan2025_New Insurance"]]>
              </value>
            </param>
          </params>
          <reporter-output>
          </reporter-output>
        </test-method> <!-- runScenario -->
        <test-method signature="runScenario(io.cucumber.testng.PickleWrapper,io.cucumber.testng.FeatureWrapper)[pri:0, instance:testRunner.RunnerClass@8c3b9d]" started-at="2025-02-07T16:35:56 IST" name="runScenario" description="Runs Cucumber Scenarios" data-provider="scenarios" finished-at="2025-02-07T16:35:56 IST" duration-ms="5" status="PASS">
          <params>
            <param index="0">
              <value>
                <![CDATA["user enters insurance policy details"]]>
              </value>
            </param>
            <param index="1">
              <value>
                <![CDATA["Expleosurance06_Aarthi_22Jan2025_New Insurance"]]>
              </value>
            </param>
          </params>
          <reporter-output>
          </reporter-output>
        </test-method> <!-- runScenario -->
        <test-method signature="runScenario(io.cucumber.testng.PickleWrapper,io.cucumber.testng.FeatureWrapper)[pri:0, instance:testRunner.RunnerClass@8c3b9d]" started-at="2025-02-07T16:35:56 IST" name="runScenario" description="Runs Cucumber Scenarios" data-provider="scenarios" finished-at="2025-02-07T16:35:56 IST" duration-ms="7" status="PASS">
          <params>
            <param index="0">
              <value>
                <![CDATA["user enters insurance policy details"]]>
              </value>
            </param>
            <param index="1">
              <value>
                <![CDATA["Expleosurance06_Aarthi_22Jan2025_New Insurance"]]>
              </value>
            </param>
          </params>
          <reporter-output>
          </reporter-output>
        </test-method> <!-- runScenario -->
        <test-method signature="runScenario(io.cucumber.testng.PickleWrapper,io.cucumber.testng.FeatureWrapper)[pri:0, instance:testRunner.RunnerClass@8c3b9d]" started-at="2025-02-07T16:35:56 IST" name="runScenario" description="Runs Cucumber Scenarios" data-provider="scenarios" finished-at="2025-02-07T16:35:56 IST" duration-ms="8" status="PASS">
          <params>
            <param index="0">
              <value>
                <![CDATA["user enters insurance policy details"]]>
              </value>
            </param>
            <param index="1">
              <value>
                <![CDATA["Expleosurance06_Aarthi_22Jan2025_New Insurance"]]>
              </value>
            </param>
          </params>
          <reporter-output>
          </reporter-output>
        </test-method> <!-- runScenario -->
        <test-method signature="runScenario(io.cucumber.testng.PickleWrapper,io.cucumber.testng.FeatureWrapper)[pri:0, instance:testRunner.RunnerClass@8c3b9d]" started-at="2025-02-07T16:35:56 IST" name="runScenario" description="Runs Cucumber Scenarios" data-provider="scenarios" finished-at="2025-02-07T16:35:56 IST" duration-ms="6" status="PASS">
          <params>
            <param index="0">
              <value>
                <![CDATA["user register the new account"]]>
              </value>
            </param>
            <param index="1">
              <value>
                <![CDATA["Expleosurance07_Aarthi_22Jan2025_Register New Account"]]>
              </value>
            </param>
          </params>
          <reporter-output>
          </reporter-output>
        </test-method> <!-- runScenario -->
        <test-method signature="runScenario(io.cucumber.testng.PickleWrapper,io.cucumber.testng.FeatureWrapper)[pri:0, instance:testRunner.RunnerClass@8c3b9d]" started-at="2025-02-07T16:35:56 IST" name="runScenario" description="Runs Cucumber Scenarios" data-provider="scenarios" finished-at="2025-02-07T16:35:56 IST" duration-ms="6" status="PASS">
          <params>
            <param index="0">
              <value>
                <![CDATA["Delete the Managed Users"]]>
              </value>
            </param>
            <param index="1">
              <value>
                <![CDATA["Expleosurance08_Aarthi_22Jan2025_Admin Panel"]]>
              </value>
            </param>
          </params>
          <reporter-output>
          </reporter-output>
        </test-method> <!-- runScenario -->
        <test-method signature="runScenario(io.cucumber.testng.PickleWrapper,io.cucumber.testng.FeatureWrapper)[pri:0, instance:testRunner.RunnerClass@8c3b9d]" started-at="2025-02-07T16:35:56 IST" name="runScenario" description="Runs Cucumber Scenarios" data-provider="scenarios" finished-at="2025-02-07T16:35:56 IST" duration-ms="6" status="PASS">
          <params>
            <param index="0">
              <value>
                <![CDATA["Validating Title and Current URL"]]>
              </value>
            </param>
            <param index="1">
              <value>
                <![CDATA["Expleosurance09_Shiva_21Jan2025_Get Title and Current URL"]]>
              </value>
            </param>
          </params>
          <reporter-output>
          </reporter-output>
        </test-method> <!-- runScenario -->
        <test-method signature="runScenario(io.cucumber.testng.PickleWrapper,io.cucumber.testng.FeatureWrapper)[pri:0, instance:testRunner.RunnerClass@8c3b9d]" started-at="2025-02-07T16:35:56 IST" name="runScenario" description="Runs Cucumber Scenarios" data-provider="scenarios" finished-at="2025-02-07T16:35:56 IST" duration-ms="7" status="PASS">
          <params>
            <param index="0">
              <value>
                <![CDATA["Validating New Insurance Details - Without Fields"]]>
              </value>
            </param>
            <param index="1">
              <value>
                <![CDATA["Expleosurance10_Shiva_21Jan2025_New Insurance Details - Negative Test Cases"]]>
              </value>
            </param>
          </params>
          <reporter-output>
          </reporter-output>
        </test-method> <!-- runScenario -->
        <test-method signature="runScenario(io.cucumber.testng.PickleWrapper,io.cucumber.testng.FeatureWrapper)[pri:0, instance:testRunner.RunnerClass@8c3b9d]" started-at="2025-02-07T16:35:56 IST" name="runScenario" description="Runs Cucumber Scenarios" data-provider="scenarios" finished-at="2025-02-07T16:35:56 IST" duration-ms="7" status="PASS">
          <params>
            <param index="0">
              <value>
                <![CDATA["Validating New Insurance Details - Without Fields"]]>
              </value>
            </param>
            <param index="1">
              <value>
                <![CDATA["Expleosurance10_Shiva_21Jan2025_New Insurance Details - Negative Test Cases"]]>
              </value>
            </param>
          </params>
          <reporter-output>
          </reporter-output>
        </test-method> <!-- runScenario -->
        <test-method signature="runScenario(io.cucumber.testng.PickleWrapper,io.cucumber.testng.FeatureWrapper)[pri:0, instance:testRunner.RunnerClass@8c3b9d]" started-at="2025-02-07T16:35:56 IST" name="runScenario" description="Runs Cucumber Scenarios" data-provider="scenarios" finished-at="2025-02-07T16:35:56 IST" duration-ms="7" status="PASS">
          <params>
            <param index="0">
              <value>
                <![CDATA["Validating New Insurance Details - Without Fields"]]>
              </value>
            </param>
            <param index="1">
              <value>
                <![CDATA["Expleosurance10_Shiva_21Jan2025_New Insurance Details - Negative Test Cases"]]>
              </value>
            </param>
          </params>
          <reporter-output>
          </reporter-output>
        </test-method> <!-- runScenario -->
        <test-method signature="runScenario(io.cucumber.testng.PickleWrapper,io.cucumber.testng.FeatureWrapper)[pri:0, instance:testRunner.RunnerClass@8c3b9d]" started-at="2025-02-07T16:35:56 IST" name="runScenario" description="Runs Cucumber Scenarios" data-provider="scenarios" finished-at="2025-02-07T16:35:56 IST" duration-ms="8" status="PASS">
          <params>
            <param index="0">
              <value>
                <![CDATA["Validating New Insurance Details - Without Fields"]]>
              </value>
            </param>
            <param index="1">
              <value>
                <![CDATA["Expleosurance10_Shiva_21Jan2025_New Insurance Details - Negative Test Cases"]]>
              </value>
            </param>
          </params>
          <reporter-output>
          </reporter-output>
        </test-method> <!-- runScenario -->
        <test-method signature="runScenario(io.cucumber.testng.PickleWrapper,io.cucumber.testng.FeatureWrapper)[pri:0, instance:testRunner.RunnerClass@8c3b9d]" started-at="2025-02-07T16:35:56 IST" name="runScenario" description="Runs Cucumber Scenarios" data-provider="scenarios" finished-at="2025-02-07T16:35:56 IST" duration-ms="5" status="PASS">
          <params>
            <param index="0">
              <value>
                <![CDATA["Validating New Insurance Details - Without Fields"]]>
              </value>
            </param>
            <param index="1">
              <value>
                <![CDATA["Expleosurance10_Shiva_21Jan2025_New Insurance Details - Negative Test Cases"]]>
              </value>
            </param>
          </params>
          <reporter-output>
          </reporter-output>
        </test-method> <!-- runScenario -->
        <test-method signature="runScenario(io.cucumber.testng.PickleWrapper,io.cucumber.testng.FeatureWrapper)[pri:0, instance:testRunner.RunnerClass@8c3b9d]" started-at="2025-02-07T16:35:56 IST" name="runScenario" description="Runs Cucumber Scenarios" data-provider="scenarios" finished-at="2025-02-07T16:35:56 IST" duration-ms="4" status="PASS">
          <params>
            <param index="0">
              <value>
                <![CDATA["Validation of Premium Calculation in Payment Page"]]>
              </value>
            </param>
            <param index="1">
              <value>
                <![CDATA["Expleosurance11_Shiva_21Jan2025_Payment Page Validation"]]>
              </value>
            </param>
          </params>
          <reporter-output>
          </reporter-output>
        </test-method> <!-- runScenario -->
        <test-method signature="runScenario(io.cucumber.testng.PickleWrapper,io.cucumber.testng.FeatureWrapper)[pri:0, instance:testRunner.RunnerClass@8c3b9d]" started-at="2025-02-07T16:35:56 IST" name="runScenario" description="Runs Cucumber Scenarios" data-provider="scenarios" finished-at="2025-02-07T16:35:56 IST" duration-ms="7" status="PASS">
          <params>
            <param index="0">
              <value>
                <![CDATA["SauceDemo Successful login with valid credentials"]]>
              </value>
            </param>
            <param index="1">
              <value>
                <![CDATA["Aarthi_Feb042025_SauceDemo_Aarthi_Login faunctionality"]]>
              </value>
            </param>
          </params>
          <reporter-output>
          </reporter-output>
        </test-method> <!-- runScenario -->
        <test-method signature="runScenario(io.cucumber.testng.PickleWrapper,io.cucumber.testng.FeatureWrapper)[pri:0, instance:testRunner.RunnerClass@8c3b9d]" started-at="2025-02-07T16:35:56 IST" name="runScenario" description="Runs Cucumber Scenarios" data-provider="scenarios" finished-at="2025-02-07T16:35:56 IST" duration-ms="5" status="PASS">
          <params>
            <param index="0">
              <value>
                <![CDATA["Successful login with valid credentials"]]>
              </value>
            </param>
            <param index="1">
              <value>
                <![CDATA["Aarthi_Feb042025_SauceDemo_Aarthi_Logout Sauce Demo"]]>
              </value>
            </param>
          </params>
          <reporter-output>
          </reporter-output>
        </test-method> <!-- runScenario -->
        <test-method signature="runScenario(io.cucumber.testng.PickleWrapper,io.cucumber.testng.FeatureWrapper)[pri:0, instance:testRunner.RunnerClass@8c3b9d]" started-at="2025-02-07T16:35:56 IST" name="runScenario" description="Runs Cucumber Scenarios" data-provider="scenarios" finished-at="2025-02-07T16:35:56 IST" duration-ms="12" status="PASS">
          <params>
            <param index="0">
              <value>
                <![CDATA["Successful login with valid credentials"]]>
              </value>
            </param>
            <param index="1">
              <value>
                <![CDATA["Suthir_28JAN2025_SauceDemo_Print_the_Header_Swag_Labs"]]>
              </value>
            </param>
          </params>
          <reporter-output>
          </reporter-output>
        </test-method> <!-- runScenario -->
        <test-method signature="runScenario(io.cucumber.testng.PickleWrapper,io.cucumber.testng.FeatureWrapper)[pri:0, instance:testRunner.RunnerClass@8c3b9d]" started-at="2025-02-07T16:35:56 IST" name="runScenario" description="Runs Cucumber Scenarios" data-provider="scenarios" finished-at="2025-02-07T16:35:56 IST" duration-ms="6" status="PASS">
          <params>
            <param index="0">
              <value>
                <![CDATA["Successful login with valid credentials"]]>
              </value>
            </param>
            <param index="1">
              <value>
                <![CDATA["Suthir_28JAN2025_SauceDemo_Add_to_cart_product"]]>
              </value>
            </param>
          </params>
          <reporter-output>
          </reporter-output>
        </test-method> <!-- runScenario -->
        <test-method signature="runScenario(io.cucumber.testng.PickleWrapper,io.cucumber.testng.FeatureWrapper)[pri:0, instance:testRunner.RunnerClass@8c3b9d]" started-at="2025-02-07T16:35:56 IST" name="runScenario" description="Runs Cucumber Scenarios" data-provider="scenarios" finished-at="2025-02-07T16:35:56 IST" duration-ms="8" status="PASS">
          <params>
            <param index="0">
              <value>
                <![CDATA["Successful login with valid credentials"]]>
              </value>
            </param>
            <param index="1">
              <value>
                <![CDATA["Suthir_28JAN2025_SauceDemo_Add_to_cart_product"]]>
              </value>
            </param>
          </params>
          <reporter-output>
          </reporter-output>
        </test-method> <!-- runScenario -->
        <test-method signature="runScenario(io.cucumber.testng.PickleWrapper,io.cucumber.testng.FeatureWrapper)[pri:0, instance:testRunner.RunnerClass@8c3b9d]" started-at="2025-02-07T16:35:56 IST" name="runScenario" description="Runs Cucumber Scenarios" data-provider="scenarios" finished-at="2025-02-07T16:35:56 IST" duration-ms="7" status="PASS">
          <params>
            <param index="0">
              <value>
                <![CDATA["Successful login with valid credentials"]]>
              </value>
            </param>
            <param index="1">
              <value>
                <![CDATA["Suthir_28JAN2025_SauceDemo_Multiple_Remove_Products"]]>
              </value>
            </param>
          </params>
          <reporter-output>
          </reporter-output>
        </test-method> <!-- runScenario -->
        <test-method signature="runScenario(io.cucumber.testng.PickleWrapper,io.cucumber.testng.FeatureWrapper)[pri:0, instance:testRunner.RunnerClass@8c3b9d]" started-at="2025-02-07T16:35:56 IST" name="runScenario" description="Runs Cucumber Scenarios" data-provider="scenarios" finished-at="2025-02-07T16:35:56 IST" duration-ms="6" status="PASS">
          <params>
            <param index="0">
              <value>
                <![CDATA["products are added to the cart"]]>
              </value>
            </param>
            <param index="1">
              <value>
                <![CDATA["Aarthi_Feb022025_sportsjam_Add to Cart"]]>
              </value>
            </param>
          </params>
          <reporter-output>
          </reporter-output>
        </test-method> <!-- runScenario -->
        <test-method signature="runScenario(io.cucumber.testng.PickleWrapper,io.cucumber.testng.FeatureWrapper)[pri:0, instance:testRunner.RunnerClass@8c3b9d]" started-at="2025-02-07T16:35:56 IST" name="runScenario" description="Runs Cucumber Scenarios" data-provider="scenarios" finished-at="2025-02-07T16:35:56 IST" duration-ms="7" status="PASS">
          <params>
            <param index="0">
              <value>
                <![CDATA["User Login Credentials"]]>
              </value>
            </param>
            <param index="1">
              <value>
                <![CDATA["Aarthi_Feb022025_sportsjam_Login"]]>
              </value>
            </param>
          </params>
          <reporter-output>
          </reporter-output>
        </test-method> <!-- runScenario -->
        <test-method signature="runScenario(io.cucumber.testng.PickleWrapper,io.cucumber.testng.FeatureWrapper)[pri:0, instance:testRunner.RunnerClass@8c3b9d]" started-at="2025-02-07T16:35:56 IST" name="runScenario" description="Runs Cucumber Scenarios" data-provider="scenarios" finished-at="2025-02-07T16:35:56 IST" duration-ms="6" status="PASS">
          <params>
            <param index="0">
              <value>
                <![CDATA["Searth the products"]]>
              </value>
            </param>
            <param index="1">
              <value>
                <![CDATA["Aarthi_Feb022025_sportsjam_Search Products"]]>
              </value>
            </param>
          </params>
          <reporter-output>
          </reporter-output>
        </test-method> <!-- runScenario -->
        <test-method is-config="true" signature="tearDownClass()[pri:0, instance:testRunner.RunnerClass@8c3b9d]" started-at="2025-02-07T16:35:56 IST" name="tearDownClass" finished-at="2025-02-07T16:35:56 IST" duration-ms="173" status="PASS">
          <reporter-output>
          </reporter-output>
        </test-method> <!-- tearDownClass -->
      </class> <!-- testRunner.RunnerClass -->
    </test> <!-- Default test -->
  </suite> <!-- Default suite -->
</testng-results>
