<?xml version="1.0" encoding="UTF-8"?>
<testng-results ignored="0" total="26" passed="25" failed="1" skipped="0">
  <reporter-output>
  </reporter-output>
  <suite started-at="2025-01-21T22:31:42 IST" name="Default suite" finished-at="2025-01-21T22:37:42 IST" duration-ms="360064">
    <groups>
      <group name="cucumber">
        <method signature="AbstractTestNGCucumberTests.runScenario(io.cucumber.testng.PickleWrapper,io.cucumber.testng.FeatureWrapper)[pri:0, instance:testRunner.RunnerClass@5aebe890]" name="runScenario" class="io.cucumber.testng.AbstractTestNGCucumberTests"/>
      </group> <!-- cucumber -->
    </groups>
    <test started-at="2025-01-21T22:31:42 IST" name="Default test" finished-at="2025-01-21T22:37:42 IST" duration-ms="360064">
      <class name="testRunner.RunnerClass">
        <test-method is-config="true" signature="setUpClass(org.testng.ITestContext)[pri:0, instance:testRunner.RunnerClass@5aebe890]" started-at="2025-01-21T22:31:42 IST" name="setUpClass" finished-at="2025-01-21T22:31:43 IST" duration-ms="890" status="PASS">
          <params>
            <param index="0">
              <value>
                <![CDATA[org.testng.TestRunner@b386a17]]>
              </value>
            </param>
          </params>
          <reporter-output>
          </reporter-output>
        </test-method> <!-- setUpClass -->
        <test-method signature="runScenario(io.cucumber.testng.PickleWrapper,io.cucumber.testng.FeatureWrapper)[pri:0, instance:testRunner.RunnerClass@5aebe890]" started-at="2025-01-21T22:31:43 IST" name="runScenario" description="Runs Cucumber Scenarios" data-provider="scenarios" finished-at="2025-01-21T22:31:57 IST" duration-ms="14632" status="PASS">
          <params>
            <param index="0">
              <value>
                <![CDATA["Validation of Login using valid credentials"]]>
              </value>
            </param>
            <param index="1">
              <value>
                <![CDATA["ES01_Validating Login credentials for ExpleoSurance"]]>
              </value>
            </param>
          </params>
          <reporter-output>
          </reporter-output>
        </test-method> <!-- runScenario -->
        <test-method signature="runScenario(io.cucumber.testng.PickleWrapper,io.cucumber.testng.FeatureWrapper)[pri:0, instance:testRunner.RunnerClass@5aebe890]" started-at="2025-01-21T22:31:57 IST" name="runScenario" description="Runs Cucumber Scenarios" data-provider="scenarios" finished-at="2025-01-21T22:32:04 IST" duration-ms="6402" status="PASS">
          <params>
            <param index="0">
              <value>
                <![CDATA["Validation of invalid credentials"]]>
              </value>
            </param>
            <param index="1">
              <value>
                <![CDATA["ES02_Invalid login Credentials validation for Expleosurance"]]>
              </value>
            </param>
          </params>
          <reporter-output>
          </reporter-output>
        </test-method> <!-- runScenario -->
        <test-method signature="runScenario(io.cucumber.testng.PickleWrapper,io.cucumber.testng.FeatureWrapper)[pri:0, instance:testRunner.RunnerClass@5aebe890]" started-at="2025-01-21T22:32:04 IST" name="runScenario" description="Runs Cucumber Scenarios" data-provider="scenarios" finished-at="2025-01-21T22:32:10 IST" duration-ms="6108" status="PASS">
          <params>
            <param index="0">
              <value>
                <![CDATA["Validation of invalid credentials"]]>
              </value>
            </param>
            <param index="1">
              <value>
                <![CDATA["ES02_Invalid login Credentials validation for Expleosurance"]]>
              </value>
            </param>
          </params>
          <reporter-output>
          </reporter-output>
        </test-method> <!-- runScenario -->
        <test-method signature="runScenario(io.cucumber.testng.PickleWrapper,io.cucumber.testng.FeatureWrapper)[pri:0, instance:testRunner.RunnerClass@5aebe890]" started-at="2025-01-21T22:32:10 IST" name="runScenario" description="Runs Cucumber Scenarios" data-provider="scenarios" finished-at="2025-01-21T22:32:16 IST" duration-ms="6023" status="PASS">
          <params>
            <param index="0">
              <value>
                <![CDATA["Validation of invalid credentials"]]>
              </value>
            </param>
            <param index="1">
              <value>
                <![CDATA["ES02_Invalid login Credentials validation for Expleosurance"]]>
              </value>
            </param>
          </params>
          <reporter-output>
          </reporter-output>
        </test-method> <!-- runScenario -->
        <test-method signature="runScenario(io.cucumber.testng.PickleWrapper,io.cucumber.testng.FeatureWrapper)[pri:0, instance:testRunner.RunnerClass@5aebe890]" started-at="2025-01-21T22:32:16 IST" name="runScenario" description="Runs Cucumber Scenarios" data-provider="scenarios" finished-at="2025-01-21T22:32:22 IST" duration-ms="6008" status="PASS">
          <params>
            <param index="0">
              <value>
                <![CDATA["Validation of Empty credentials"]]>
              </value>
            </param>
            <param index="1">
              <value>
                <![CDATA["ES02_Invalid login Credentials validation for Expleosurance"]]>
              </value>
            </param>
          </params>
          <reporter-output>
          </reporter-output>
        </test-method> <!-- runScenario -->
        <test-method signature="runScenario(io.cucumber.testng.PickleWrapper,io.cucumber.testng.FeatureWrapper)[pri:0, instance:testRunner.RunnerClass@5aebe890]" started-at="2025-01-21T22:32:22 IST" name="runScenario" description="Runs Cucumber Scenarios" data-provider="scenarios" finished-at="2025-01-21T22:32:28 IST" duration-ms="6212" status="PASS">
          <params>
            <param index="0">
              <value>
                <![CDATA["Validation of Empty credentials"]]>
              </value>
            </param>
            <param index="1">
              <value>
                <![CDATA["ES02_Invalid login Credentials validation for Expleosurance"]]>
              </value>
            </param>
          </params>
          <reporter-output>
          </reporter-output>
        </test-method> <!-- runScenario -->
        <test-method signature="runScenario(io.cucumber.testng.PickleWrapper,io.cucumber.testng.FeatureWrapper)[pri:0, instance:testRunner.RunnerClass@5aebe890]" started-at="2025-01-21T22:32:28 IST" name="runScenario" description="Runs Cucumber Scenarios" data-provider="scenarios" finished-at="2025-01-21T22:32:34 IST" duration-ms="5871" status="PASS">
          <params>
            <param index="0">
              <value>
                <![CDATA["Validation of Empty credentials"]]>
              </value>
            </param>
            <param index="1">
              <value>
                <![CDATA["ES02_Invalid login Credentials validation for Expleosurance"]]>
              </value>
            </param>
          </params>
          <reporter-output>
          </reporter-output>
        </test-method> <!-- runScenario -->
        <test-method signature="runScenario(io.cucumber.testng.PickleWrapper,io.cucumber.testng.FeatureWrapper)[pri:0, instance:testRunner.RunnerClass@5aebe890]" started-at="2025-01-21T22:32:34 IST" name="runScenario" description="Runs Cucumber Scenarios" data-provider="scenarios" finished-at="2025-01-21T22:33:02 IST" duration-ms="28406" status="PASS">
          <params>
            <param index="0">
              <value>
                <![CDATA["Validating Delete Policy for Cancel button"]]>
              </value>
            </param>
            <param index="1">
              <value>
                <![CDATA["ES03_Delete Policy"]]>
              </value>
            </param>
          </params>
          <reporter-output>
          </reporter-output>
        </test-method> <!-- runScenario -->
        <test-method signature="runScenario(io.cucumber.testng.PickleWrapper,io.cucumber.testng.FeatureWrapper)[pri:0, instance:testRunner.RunnerClass@5aebe890]" started-at="2025-01-21T22:33:02 IST" name="runScenario" description="Runs Cucumber Scenarios" data-provider="scenarios" finished-at="2025-01-21T22:33:31 IST" duration-ms="29010" status="PASS">
          <params>
            <param index="0">
              <value>
                <![CDATA["Validating Delete Policy and Yes button"]]>
              </value>
            </param>
            <param index="1">
              <value>
                <![CDATA["ES03_Delete Policy"]]>
              </value>
            </param>
          </params>
          <reporter-output>
          </reporter-output>
        </test-method> <!-- runScenario -->
        <test-method signature="runScenario(io.cucumber.testng.PickleWrapper,io.cucumber.testng.FeatureWrapper)[pri:0, instance:testRunner.RunnerClass@5aebe890]" started-at="2025-01-21T22:33:31 IST" name="runScenario" description="Runs Cucumber Scenarios" data-provider="scenarios" finished-at="2025-01-21T22:33:43 IST" duration-ms="11916" status="PASS">
          <params>
            <param index="0">
              <value>
                <![CDATA["Print table header in console"]]>
              </value>
            </param>
            <param index="1">
              <value>
                <![CDATA["ES04_Get Table Header"]]>
              </value>
            </param>
          </params>
          <reporter-output>
          </reporter-output>
        </test-method> <!-- runScenario -->
        <test-method signature="runScenario(io.cucumber.testng.PickleWrapper,io.cucumber.testng.FeatureWrapper)[pri:0, instance:testRunner.RunnerClass@5aebe890]" started-at="2025-01-21T22:33:43 IST" name="runScenario" description="Runs Cucumber Scenarios" data-provider="scenarios" finished-at="2025-01-21T22:33:55 IST" duration-ms="12157" status="PASS">
          <params>
            <param index="0">
              <value>
                <![CDATA["User is changing the Password"]]>
              </value>
            </param>
            <param index="1">
              <value>
                <![CDATA["ES05_User is changing the password"]]>
              </value>
            </param>
          </params>
          <reporter-output>
          </reporter-output>
        </test-method> <!-- runScenario -->
        <test-method signature="runScenario(io.cucumber.testng.PickleWrapper,io.cucumber.testng.FeatureWrapper)[pri:0, instance:testRunner.RunnerClass@5aebe890]" started-at="2025-01-21T22:33:55 IST" name="runScenario" description="Runs Cucumber Scenarios" data-provider="scenarios" finished-at="2025-01-21T22:34:13 IST" duration-ms="17476" status="PASS">
          <params>
            <param index="0">
              <value>
                <![CDATA["user enters insurance policy details"]]>
              </value>
            </param>
            <param index="1">
              <value>
                <![CDATA["ES06_New Insurance"]]>
              </value>
            </param>
          </params>
          <reporter-output>
          </reporter-output>
        </test-method> <!-- runScenario -->
        <test-method signature="runScenario(io.cucumber.testng.PickleWrapper,io.cucumber.testng.FeatureWrapper)[pri:0, instance:testRunner.RunnerClass@5aebe890]" started-at="2025-01-21T22:34:13 IST" name="runScenario" description="Runs Cucumber Scenarios" data-provider="scenarios" finished-at="2025-01-21T22:34:31 IST" duration-ms="17980" status="PASS">
          <params>
            <param index="0">
              <value>
                <![CDATA["user enters insurance policy details"]]>
              </value>
            </param>
            <param index="1">
              <value>
                <![CDATA["ES06_New Insurance"]]>
              </value>
            </param>
          </params>
          <reporter-output>
          </reporter-output>
        </test-method> <!-- runScenario -->
        <test-method signature="runScenario(io.cucumber.testng.PickleWrapper,io.cucumber.testng.FeatureWrapper)[pri:0, instance:testRunner.RunnerClass@5aebe890]" started-at="2025-01-21T22:34:31 IST" name="runScenario" description="Runs Cucumber Scenarios" data-provider="scenarios" finished-at="2025-01-21T22:34:49 IST" duration-ms="18044" status="PASS">
          <params>
            <param index="0">
              <value>
                <![CDATA["user enters insurance policy details"]]>
              </value>
            </param>
            <param index="1">
              <value>
                <![CDATA["ES06_New Insurance"]]>
              </value>
            </param>
          </params>
          <reporter-output>
          </reporter-output>
        </test-method> <!-- runScenario -->
        <test-method signature="runScenario(io.cucumber.testng.PickleWrapper,io.cucumber.testng.FeatureWrapper)[pri:0, instance:testRunner.RunnerClass@5aebe890]" started-at="2025-01-21T22:34:49 IST" name="runScenario" description="Runs Cucumber Scenarios" data-provider="scenarios" finished-at="2025-01-21T22:35:06 IST" duration-ms="17147" status="PASS">
          <params>
            <param index="0">
              <value>
                <![CDATA["user enters insurance policy details"]]>
              </value>
            </param>
            <param index="1">
              <value>
                <![CDATA["ES06_New Insurance"]]>
              </value>
            </param>
          </params>
          <reporter-output>
          </reporter-output>
        </test-method> <!-- runScenario -->
        <test-method signature="runScenario(io.cucumber.testng.PickleWrapper,io.cucumber.testng.FeatureWrapper)[pri:0, instance:testRunner.RunnerClass@5aebe890]" started-at="2025-01-21T22:35:06 IST" name="runScenario" description="Runs Cucumber Scenarios" data-provider="scenarios" finished-at="2025-01-21T22:35:23 IST" duration-ms="16886" status="PASS">
          <params>
            <param index="0">
              <value>
                <![CDATA["user enters insurance policy details"]]>
              </value>
            </param>
            <param index="1">
              <value>
                <![CDATA["ES06_New Insurance"]]>
              </value>
            </param>
          </params>
          <reporter-output>
          </reporter-output>
        </test-method> <!-- runScenario -->
        <test-method signature="runScenario(io.cucumber.testng.PickleWrapper,io.cucumber.testng.FeatureWrapper)[pri:0, instance:testRunner.RunnerClass@5aebe890]" started-at="2025-01-21T22:35:23 IST" name="runScenario" description="Runs Cucumber Scenarios" data-provider="scenarios" finished-at="2025-01-21T22:35:32 IST" duration-ms="8802" status="PASS">
          <params>
            <param index="0">
              <value>
                <![CDATA["user register the new account"]]>
              </value>
            </param>
            <param index="1">
              <value>
                <![CDATA["ES07_Register New Account"]]>
              </value>
            </param>
          </params>
          <reporter-output>
          </reporter-output>
        </test-method> <!-- runScenario -->
        <test-method signature="runScenario(io.cucumber.testng.PickleWrapper,io.cucumber.testng.FeatureWrapper)[pri:0, instance:testRunner.RunnerClass@5aebe890]" started-at="2025-01-21T22:35:32 IST" name="runScenario" description="Runs Cucumber Scenarios" data-provider="scenarios" finished-at="2025-01-21T22:35:54 IST" duration-ms="22142" status="PASS">
          <params>
            <param index="0">
              <value>
                <![CDATA["Delete the Managed Users"]]>
              </value>
            </param>
            <param index="1">
              <value>
                <![CDATA["ES08_Admin Panel"]]>
              </value>
            </param>
          </params>
          <reporter-output>
          </reporter-output>
        </test-method> <!-- runScenario -->
        <test-method signature="runScenario(io.cucumber.testng.PickleWrapper,io.cucumber.testng.FeatureWrapper)[pri:0, instance:testRunner.RunnerClass@5aebe890]" started-at="2025-01-21T22:35:54 IST" name="runScenario" description="Runs Cucumber Scenarios" data-provider="scenarios" finished-at="2025-01-21T22:36:12 IST" duration-ms="17903" status="PASS">
          <params>
            <param index="0">
              <value>
                <![CDATA["Validating Title and Current URL"]]>
              </value>
            </param>
            <param index="1">
              <value>
                <![CDATA["ES09_Get Title and Current URL"]]>
              </value>
            </param>
          </params>
          <reporter-output>
          </reporter-output>
        </test-method> <!-- runScenario -->
        <test-method signature="runScenario(io.cucumber.testng.PickleWrapper,io.cucumber.testng.FeatureWrapper)[pri:0, instance:testRunner.RunnerClass@5aebe890]" started-at="2025-01-21T22:36:12 IST" name="runScenario" description="Runs Cucumber Scenarios" data-provider="scenarios" finished-at="2025-01-21T22:36:21 IST" duration-ms="9257" status="PASS">
          <params>
            <param index="0">
              <value>
                <![CDATA["Validating New Insurance Details - Without Fields"]]>
              </value>
            </param>
            <param index="1">
              <value>
                <![CDATA["ES10_New Insurance Details - Negative Test Cases"]]>
              </value>
            </param>
          </params>
          <reporter-output>
          </reporter-output>
        </test-method> <!-- runScenario -->
        <test-method signature="runScenario(io.cucumber.testng.PickleWrapper,io.cucumber.testng.FeatureWrapper)[pri:0, instance:testRunner.RunnerClass@5aebe890]" started-at="2025-01-21T22:36:21 IST" name="runScenario" description="Runs Cucumber Scenarios" data-provider="scenarios" finished-at="2025-01-21T22:36:30 IST" duration-ms="9381" status="PASS">
          <params>
            <param index="0">
              <value>
                <![CDATA["Validating New Insurance Details - Without Fields"]]>
              </value>
            </param>
            <param index="1">
              <value>
                <![CDATA["ES10_New Insurance Details - Negative Test Cases"]]>
              </value>
            </param>
          </params>
          <reporter-output>
          </reporter-output>
        </test-method> <!-- runScenario -->
        <test-method signature="runScenario(io.cucumber.testng.PickleWrapper,io.cucumber.testng.FeatureWrapper)[pri:0, instance:testRunner.RunnerClass@5aebe890]" started-at="2025-01-21T22:36:30 IST" name="runScenario" description="Runs Cucumber Scenarios" data-provider="scenarios" finished-at="2025-01-21T22:36:42 IST" duration-ms="11442" status="PASS">
          <params>
            <param index="0">
              <value>
                <![CDATA["Validating New Insurance Details - Without Fields"]]>
              </value>
            </param>
            <param index="1">
              <value>
                <![CDATA["ES10_New Insurance Details - Negative Test Cases"]]>
              </value>
            </param>
          </params>
          <reporter-output>
          </reporter-output>
        </test-method> <!-- runScenario -->
        <test-method signature="runScenario(io.cucumber.testng.PickleWrapper,io.cucumber.testng.FeatureWrapper)[pri:0, instance:testRunner.RunnerClass@5aebe890]" started-at="2025-01-21T22:36:42 IST" name="runScenario" description="Runs Cucumber Scenarios" data-provider="scenarios" finished-at="2025-01-21T22:36:57 IST" duration-ms="15147" status="PASS">
          <params>
            <param index="0">
              <value>
                <![CDATA["Validating New Insurance Details - Without Fields"]]>
              </value>
            </param>
            <param index="1">
              <value>
                <![CDATA["ES10_New Insurance Details - Negative Test Cases"]]>
              </value>
            </param>
          </params>
          <reporter-output>
          </reporter-output>
        </test-method> <!-- runScenario -->
        <test-method signature="runScenario(io.cucumber.testng.PickleWrapper,io.cucumber.testng.FeatureWrapper)[pri:0, instance:testRunner.RunnerClass@5aebe890]" started-at="2025-01-21T22:36:57 IST" name="runScenario" description="Runs Cucumber Scenarios" data-provider="scenarios" finished-at="2025-01-21T22:37:06 IST" duration-ms="9316" status="PASS">
          <params>
            <param index="0">
              <value>
                <![CDATA["Validating New Insurance Details - Without Fields"]]>
              </value>
            </param>
            <param index="1">
              <value>
                <![CDATA["ES10_New Insurance Details - Negative Test Cases"]]>
              </value>
            </param>
          </params>
          <reporter-output>
          </reporter-output>
        </test-method> <!-- runScenario -->
        <test-method signature="runScenario(io.cucumber.testng.PickleWrapper,io.cucumber.testng.FeatureWrapper)[pri:0, instance:testRunner.RunnerClass@5aebe890]" started-at="2025-01-21T22:37:06 IST" name="runScenario" description="Runs Cucumber Scenarios" data-provider="scenarios" finished-at="2025-01-21T22:37:26 IST" duration-ms="19989" status="FAIL">
          <params>
            <param index="0">
              <value>
                <![CDATA["Validating New Insurance Details - Without Fields"]]>
              </value>
            </param>
            <param index="1">
              <value>
                <![CDATA["ES10_New Insurance Details - Negative Test Cases"]]>
              </value>
            </param>
          </params>
          <exception class="org.openqa.selenium.TimeoutException">
            <message>
              <![CDATA[Expected condition failed: waiting for presence of any elements located by By.xpath: //p[contains(@class, 'error')] (tried for 10 second(s) with 500 milliseconds interval)
Build info: version: '4.27.0', revision: 'd6e718d134'
System info: os.name: 'Windows 11', os.arch: 'amd64', os.version: '10.0', java.version: '23.0.1'
Driver info: org.openqa.selenium.chrome.ChromeDriver
Capabilities {acceptInsecureCerts: false, browserName: chrome, browserVersion: 132.0.6834.83, chrome: {chromedriverVersion: 132.0.6834.83 (03d59cf5ecf1..., userDataDir: C:\Users\SKANNI~1\AppData\L...}, fedcm:accounts: true, goog:chromeOptions: {debuggerAddress: localhost:49890}, networkConnectionEnabled: false, pageLoadStrategy: normal, platformName: windows, proxy: Proxy(), se:cdp: ws://localhost:49890/devtoo..., se:cdpVersion: 132.0.6834.83, setWindowRect: true, strictFileInteractability: false, timeouts: {implicit: 0, pageLoad: 300000, script: 30000}, unhandledPromptBehavior: dismiss and notify, webauthn:extension:credBlob: true, webauthn:extension:largeBlob: true, webauthn:extension:minPinLength: true, webauthn:extension:prf: true, webauthn:virtualAuthenticators: true}
Session ID: e203f3732c8b138241190931b8a4aeaa]]>
            </message>
            <full-stacktrace>
              <![CDATA[org.openqa.selenium.TimeoutException: Expected condition failed: waiting for presence of any elements located by By.xpath: //p[contains(@class, 'error')] (tried for 10 second(s) with 500 milliseconds interval)
Build info: version: '4.27.0', revision: 'd6e718d134'
System info: os.name: 'Windows 11', os.arch: 'amd64', os.version: '10.0', java.version: '23.0.1'
Driver info: org.openqa.selenium.chrome.ChromeDriver
Capabilities {acceptInsecureCerts: false, browserName: chrome, browserVersion: 132.0.6834.83, chrome: {chromedriverVersion: 132.0.6834.83 (03d59cf5ecf1..., userDataDir: C:\Users\SKANNI~1\AppData\L...}, fedcm:accounts: true, goog:chromeOptions: {debuggerAddress: localhost:49890}, networkConnectionEnabled: false, pageLoadStrategy: normal, platformName: windows, proxy: Proxy(), se:cdp: ws://localhost:49890/devtoo..., se:cdpVersion: 132.0.6834.83, setWindowRect: true, strictFileInteractability: false, timeouts: {implicit: 0, pageLoad: 300000, script: 30000}, unhandledPromptBehavior: dismiss and notify, webauthn:extension:credBlob: true, webauthn:extension:largeBlob: true, webauthn:extension:minPinLength: true, webauthn:extension:prf: true, webauthn:virtualAuthenticators: true}
Session ID: e203f3732c8b138241190931b8a4aeaa
at org.openqa.selenium.support.ui.WebDriverWait.timeoutException(WebDriverWait.java:84)
at org.openqa.selenium.support.ui.FluentWait.until(FluentWait.java:228)
at stepDefinition.F10_NewInsuranceNegativeCases.it_should_be_logged_out(F10_NewInsuranceNegativeCases.java:65)
at ✽.It should be logged out(file:///C:/Users/skanniyappan/git/repository/EXP_PROJECT_TEAM/src/test/resources/feature10_NewInsuranceNegativeCases.feature:12)
]]>
            </full-stacktrace>
          </exception> <!-- org.openqa.selenium.TimeoutException -->
          <reporter-output>
          </reporter-output>
        </test-method> <!-- runScenario -->
        <test-method signature="runScenario(io.cucumber.testng.PickleWrapper,io.cucumber.testng.FeatureWrapper)[pri:0, instance:testRunner.RunnerClass@5aebe890]" started-at="2025-01-21T22:37:26 IST" name="runScenario" description="Runs Cucumber Scenarios" data-provider="scenarios" finished-at="2025-01-21T22:37:42 IST" duration-ms="15302" status="PASS">
          <params>
            <param index="0">
              <value>
                <![CDATA["Validation of Premium Calculation in Payment Page"]]>
              </value>
            </param>
            <param index="1">
              <value>
                <![CDATA["ES11_Payment Page Validation"]]>
              </value>
            </param>
          </params>
          <reporter-output>
          </reporter-output>
        </test-method> <!-- runScenario -->
        <test-method is-config="true" signature="tearDownClass()[pri:0, instance:testRunner.RunnerClass@5aebe890]" started-at="2025-01-21T22:37:42 IST" name="tearDownClass" finished-at="2025-01-21T22:37:42 IST" duration-ms="109" status="PASS">
          <reporter-output>
          </reporter-output>
        </test-method> <!-- tearDownClass -->
      </class> <!-- testRunner.RunnerClass -->
    </test> <!-- Default test -->
  </suite> <!-- Default suite -->
</testng-results>
