<?xml version="1.0" encoding="UTF-8"?>
<testng-results ignored="0" total="2" passed="2" failed="0" skipped="0">
  <reporter-output>
  </reporter-output>
  <suite started-at="2025-01-09T13:18:47 IST" name="Default suite" finished-at="2025-01-09T13:19:43 IST" duration-ms="56420">
    <groups>
      <group name="cucumber">
        <method signature="AbstractTestNGCucumberTests.runScenario(io.cucumber.testng.PickleWrapper,io.cucumber.testng.FeatureWrapper)[pri:0, instance:testRunner.RunnerClass@707194ba]" name="runScenario" class="io.cucumber.testng.AbstractTestNGCucumberTests"/>
      </group> <!-- cucumber -->
    </groups>
    <test started-at="2025-01-09T13:18:47 IST" name="Default test" finished-at="2025-01-09T13:19:43 IST" duration-ms="56420">
      <class name="testRunner.RunnerClass">
        <test-method is-config="true" signature="setUpClass(org.testng.ITestContext)[pri:0, instance:testRunner.RunnerClass@707194ba]" started-at="2025-01-09T13:18:47 IST" name="setUpClass" finished-at="2025-01-09T13:18:48 IST" duration-ms="526" status="PASS">
          <params>
            <param index="0">
              <value>
                <![CDATA[org.testng.TestRunner@24934262]]>
              </value>
            </param>
          </params>
          <reporter-output>
          </reporter-output>
        </test-method> <!-- setUpClass -->
        <test-method signature="runScenario(io.cucumber.testng.PickleWrapper,io.cucumber.testng.FeatureWrapper)[pri:0, instance:testRunner.RunnerClass@707194ba]" started-at="2025-01-09T13:18:48 IST" name="runScenario" description="Runs Cucumber Scenarios" data-provider="scenarios" finished-at="2025-01-09T13:19:16 IST" duration-ms="28732" status="PASS">
          <params>
            <param index="0">
              <value>
                <![CDATA["Validating Delete Policy for Cancel button"]]>
              </value>
            </param>
            <param index="1">
              <value>
                <![CDATA["Delete Policy"]]>
              </value>
            </param>
          </params>
          <reporter-output>
          </reporter-output>
        </test-method> <!-- runScenario -->
        <test-method signature="runScenario(io.cucumber.testng.PickleWrapper,io.cucumber.testng.FeatureWrapper)[pri:0, instance:testRunner.RunnerClass@707194ba]" started-at="2025-01-09T13:19:16 IST" name="runScenario" description="Runs Cucumber Scenarios" data-provider="scenarios" finished-at="2025-01-09T13:19:43 IST" duration-ms="27067" status="PASS">
          <params>
            <param index="0">
              <value>
                <![CDATA["Validating Delete Policy and Yes button"]]>
              </value>
            </param>
            <param index="1">
              <value>
                <![CDATA["Delete Policy"]]>
              </value>
            </param>
          </params>
          <reporter-output>
          </reporter-output>
        </test-method> <!-- runScenario -->
        <test-method is-config="true" signature="tearDownClass()[pri:0, instance:testRunner.RunnerClass@707194ba]" started-at="2025-01-09T13:19:43 IST" name="tearDownClass" finished-at="2025-01-09T13:19:43 IST" duration-ms="48" status="PASS">
          <reporter-output>
          </reporter-output>
        </test-method> <!-- tearDownClass -->
      </class> <!-- testRunner.RunnerClass -->
    </test> <!-- Default test -->
  </suite> <!-- Default suite -->
</testng-results>
