<?xml version="1.0" encoding="UTF-8"?>
<testng-results ignored="0" total="2" passed="2" failed="0" skipped="0">
  <reporter-output>
  </reporter-output>
  <suite started-at="2025-01-15T12:33:08 IST" name="Default suite" finished-at="2025-01-15T12:33:26 IST" duration-ms="18445">
    <groups>
      <group name="cucumber">
        <method signature="AbstractTestNGCucumberTests.runScenario(io.cucumber.testng.PickleWrapper,io.cucumber.testng.FeatureWrapper)[pri:0, instance:testRunner.RunnerClass@707194ba]" name="runScenario" class="io.cucumber.testng.AbstractTestNGCucumberTests"/>
      </group> <!-- cucumber -->
    </groups>
    <test started-at="2025-01-15T12:33:08 IST" name="Default test" finished-at="2025-01-15T12:33:26 IST" duration-ms="18445">
      <class name="testRunner.RunnerClass">
        <test-method is-config="true" signature="setUpClass(org.testng.ITestContext)[pri:0, instance:testRunner.RunnerClass@707194ba]" started-at="2025-01-15T12:33:08 IST" name="setUpClass" finished-at="2025-01-15T12:33:09 IST" duration-ms="830" status="PASS">
          <params>
            <param index="0">
              <value>
                <![CDATA[org.testng.TestRunner@57c47a9e]]>
              </value>
            </param>
          </params>
          <reporter-output>
          </reporter-output>
        </test-method> <!-- setUpClass -->
        <test-method signature="runScenario(io.cucumber.testng.PickleWrapper,io.cucumber.testng.FeatureWrapper)[pri:0, instance:testRunner.RunnerClass@707194ba]" started-at="2025-01-15T12:33:09 IST" name="runScenario" description="Runs Cucumber Scenarios" data-provider="scenarios" finished-at="2025-01-15T12:33:19 IST" duration-ms="10584" status="PASS">
          <params>
            <param index="0">
              <value>
                <![CDATA["Validating New User Registration"]]>
              </value>
            </param>
            <param index="1">
              <value>
                <![CDATA["Register New User"]]>
              </value>
            </param>
          </params>
          <reporter-output>
          </reporter-output>
        </test-method> <!-- runScenario -->
        <test-method signature="runScenario(io.cucumber.testng.PickleWrapper,io.cucumber.testng.FeatureWrapper)[pri:0, instance:testRunner.RunnerClass@707194ba]" started-at="2025-01-15T12:33:19 IST" name="runScenario" description="Runs Cucumber Scenarios" data-provider="scenarios" finished-at="2025-01-15T12:33:26 IST" duration-ms="6898" status="PASS">
          <params>
            <param index="0">
              <value>
                <![CDATA["Validating Registered Users"]]>
              </value>
            </param>
            <param index="1">
              <value>
                <![CDATA["Register New User"]]>
              </value>
            </param>
          </params>
          <reporter-output>
          </reporter-output>
        </test-method> <!-- runScenario -->
        <test-method is-config="true" signature="tearDownClass()[pri:0, instance:testRunner.RunnerClass@707194ba]" started-at="2025-01-15T12:33:26 IST" name="tearDownClass" finished-at="2025-01-15T12:33:26 IST" duration-ms="63" status="PASS">
          <reporter-output>
          </reporter-output>
        </test-method> <!-- tearDownClass -->
      </class> <!-- testRunner.RunnerClass -->
    </test> <!-- Default test -->
  </suite> <!-- Default suite -->
</testng-results>
