<?xml version="1.0" encoding="UTF-8"?>
<testng-results ignored="0" total="5" passed="5" failed="0" skipped="0">
  <reporter-output>
  </reporter-output>
  <suite started-at="2025-01-28T17:20:15 IST" name="Default suite" finished-at="2025-01-28T17:26:27 IST" duration-ms="371934">
    <groups>
      <group name="cucumber">
        <method signature="AbstractTestNGCucumberTests.runScenario(io.cucumber.testng.PickleWrapper,io.cucumber.testng.FeatureWrapper)[pri:0, instance:testRunner.RunnerClass@65d09a04]" name="runScenario" class="io.cucumber.testng.AbstractTestNGCucumberTests"/>
      </group> <!-- cucumber -->
    </groups>
    <test started-at="2025-01-28T17:20:15 IST" name="Default test" finished-at="2025-01-28T17:26:27 IST" duration-ms="371934">
      <class name="testRunner.RunnerClass">
        <test-method is-config="true" signature="setUpClass(org.testng.ITestContext)[pri:0, instance:testRunner.RunnerClass@65d09a04]" started-at="2025-01-28T17:20:15 IST" name="setUpClass" finished-at="2025-01-28T17:20:16 IST" duration-ms="563" status="PASS">
          <params>
            <param index="0">
              <value>
                <![CDATA[org.testng.TestRunner@43984213]]>
              </value>
            </param>
          </params>
          <reporter-output>
          </reporter-output>
        </test-method> <!-- setUpClass -->
        <test-method signature="runScenario(io.cucumber.testng.PickleWrapper,io.cucumber.testng.FeatureWrapper)[pri:0, instance:testRunner.RunnerClass@65d09a04]" started-at="2025-01-28T17:20:16 IST" name="runScenario" description="Runs Cucumber Scenarios" data-provider="scenarios" finished-at="2025-01-28T17:21:31 IST" duration-ms="74810" status="PASS">
          <params>
            <param index="0">
              <value>
                <![CDATA["Adding a product to the cart with various user inputs"]]>
              </value>
            </param>
            <param index="1">
              <value>
                <![CDATA["FS22_DemoBlaze_Ragul Demoblaze Website - Adding a Product to Cart"]]>
              </value>
            </param>
          </params>
          <reporter-output>
          </reporter-output>
        </test-method> <!-- runScenario -->
        <test-method signature="runScenario(io.cucumber.testng.PickleWrapper,io.cucumber.testng.FeatureWrapper)[pri:0, instance:testRunner.RunnerClass@65d09a04]" started-at="2025-01-28T17:21:31 IST" name="runScenario" description="Runs Cucumber Scenarios" data-provider="scenarios" finished-at="2025-01-28T17:22:44 IST" duration-ms="73567" status="PASS">
          <params>
            <param index="0">
              <value>
                <![CDATA["Adding a product to the cart with various user inputs"]]>
              </value>
            </param>
            <param index="1">
              <value>
                <![CDATA["FS22_DemoBlaze_Ragul Demoblaze Website - Adding a Product to Cart"]]>
              </value>
            </param>
          </params>
          <reporter-output>
          </reporter-output>
        </test-method> <!-- runScenario -->
        <test-method signature="runScenario(io.cucumber.testng.PickleWrapper,io.cucumber.testng.FeatureWrapper)[pri:0, instance:testRunner.RunnerClass@65d09a04]" started-at="2025-01-28T17:22:44 IST" name="runScenario" description="Runs Cucumber Scenarios" data-provider="scenarios" finished-at="2025-01-28T17:23:58 IST" duration-ms="74386" status="PASS">
          <params>
            <param index="0">
              <value>
                <![CDATA["Adding a product to the cart with various user inputs"]]>
              </value>
            </param>
            <param index="1">
              <value>
                <![CDATA["FS22_DemoBlaze_Ragul Demoblaze Website - Adding a Product to Cart"]]>
              </value>
            </param>
          </params>
          <reporter-output>
          </reporter-output>
        </test-method> <!-- runScenario -->
        <test-method signature="runScenario(io.cucumber.testng.PickleWrapper,io.cucumber.testng.FeatureWrapper)[pri:0, instance:testRunner.RunnerClass@65d09a04]" started-at="2025-01-28T17:23:58 IST" name="runScenario" description="Runs Cucumber Scenarios" data-provider="scenarios" finished-at="2025-01-28T17:25:13 IST" duration-ms="74972" status="PASS">
          <params>
            <param index="0">
              <value>
                <![CDATA["Adding a product to the cart with various user inputs"]]>
              </value>
            </param>
            <param index="1">
              <value>
                <![CDATA["FS22_DemoBlaze_Ragul Demoblaze Website - Adding a Product to Cart"]]>
              </value>
            </param>
          </params>
          <reporter-output>
          </reporter-output>
        </test-method> <!-- runScenario -->
        <test-method signature="runScenario(io.cucumber.testng.PickleWrapper,io.cucumber.testng.FeatureWrapper)[pri:0, instance:testRunner.RunnerClass@65d09a04]" started-at="2025-01-28T17:25:13 IST" name="runScenario" description="Runs Cucumber Scenarios" data-provider="scenarios" finished-at="2025-01-28T17:26:27 IST" duration-ms="73504" status="PASS">
          <params>
            <param index="0">
              <value>
                <![CDATA["Adding a product to the cart with various user inputs"]]>
              </value>
            </param>
            <param index="1">
              <value>
                <![CDATA["FS22_DemoBlaze_Ragul Demoblaze Website - Adding a Product to Cart"]]>
              </value>
            </param>
          </params>
          <reporter-output>
          </reporter-output>
        </test-method> <!-- runScenario -->
        <test-method is-config="true" signature="tearDownClass()[pri:0, instance:testRunner.RunnerClass@65d09a04]" started-at="2025-01-28T17:26:27 IST" name="tearDownClass" finished-at="2025-01-28T17:26:27 IST" duration-ms="81" status="PASS">
          <reporter-output>
          </reporter-output>
        </test-method> <!-- tearDownClass -->
      </class> <!-- testRunner.RunnerClass -->
    </test> <!-- Default test -->
  </suite> <!-- Default suite -->
</testng-results>
