<?xml version="1.0" encoding="UTF-8"?>
<!-- Generated by org.testng.reporters.JUnitReportReporter -->
<testsuite hostname="L-INE-CBRCQG3" failures="0" tests="26" name="testRunner.RunnerClass" time="358.959" errors="1" timestamp="2025-01-21T22:37:42 IST" skipped="0">
  <testcase classname="testRunner.RunnerClass" name="runScenario" time="5.871"/>
  <testcase classname="testRunner.RunnerClass" name="runScenario" time="28.406"/>
  <testcase classname="testRunner.RunnerClass" name="runScenario" time="17.147"/>
  <testcase classname="testRunner.RunnerClass" name="runScenario" time="22.142"/>
  <testcase classname="testRunner.RunnerClass" name="runScenario" time="6.023"/>
  <testcase classname="testRunner.RunnerClass" name="runScenario" time="18.044"/>
  <testcase classname="testRunner.RunnerClass" name="runScenario" time="17.476"/>
  <testcase classname="testRunner.RunnerClass" name="runScenario" time="6.108"/>
  <testcase classname="testRunner.RunnerClass" name="runScenario" time="8.802"/>
  <testcase classname="testRunner.RunnerClass" name="runScenario" time="14.632"/>
  <testcase classname="testRunner.RunnerClass" name="runScenario" time="15.302"/>
  <testcase classname="testRunner.RunnerClass" name="runScenario" time="9.381"/>
  <testcase classname="testRunner.RunnerClass" name="runScenario" time="17.903"/>
  <testcase classname="testRunner.RunnerClass" name="runScenario" time="6.008"/>
  <testcase classname="testRunner.RunnerClass" name="runScenario" time="11.442"/>
  <testcase classname="testRunner.RunnerClass" name="runScenario" time="11.916"/>
  <testcase classname="testRunner.RunnerClass" name="runScenario" time="15.147"/>
  <testcase classname="testRunner.RunnerClass" name="runScenario" time="6.402"/>
  <testcase classname="testRunner.RunnerClass" name="runScenario" time="16.886"/>
  <testcase classname="testRunner.RunnerClass" name="runScenario" time="9.316"/>
  <testcase classname="testRunner.RunnerClass" name="runScenario" time="29.010"/>
  <testcase classname="testRunner.RunnerClass" name="runScenario" time="12.157"/>
  <testcase classname="testRunner.RunnerClass" name="runScenario" time="6.212"/>
  <testcase classname="testRunner.RunnerClass" name="runScenario" time="17.980"/>
  <testcase classname="testRunner.RunnerClass" name="runScenario" time="19.989">
    <error message="Expected condition failed: waiting for presence of any elements located by By.xpath: //p[contains(@class, &#039;error&#039;)] (tried for 10 second(s) with 500 milliseconds interval)
Build info: version: &#039;4.27.0&#039;, revision: &#039;d6e718d134&#039;
System info: os.name: &#039;Windows 11&#039;, os.arch: &#039;amd64&#039;, os.version: &#039;10.0&#039;, java.version: &#039;23.0.1&#039;
Driver info: org.openqa.selenium.chrome.ChromeDriver
Capabilities {acceptInsecureCerts: false, browserName: chrome, browserVersion: 132.0.6834.83, chrome: {chromedriverVersion: 132.0.6834.83 (03d59cf5ecf1..., userDataDir: C:\Users\SKANNI~1\AppData\L...}, fedcm:accounts: true, goog:chromeOptions: {debuggerAddress: localhost:49890}, networkConnectionEnabled: false, pageLoadStrategy: normal, platformName: windows, proxy: Proxy(), se:cdp: ws://localhost:49890/devtoo..., se:cdpVersion: 132.0.6834.83, setWindowRect: true, strictFileInteractability: false, timeouts: {implicit: 0, pageLoad: 300000, script: 30000}, unhandledPromptBehavior: dismiss and notify, webauthn:extension:credBlob: true, webauthn:extension:largeBlob: true, webauthn:extension:minPinLength: true, webauthn:extension:prf: true, webauthn:virtualAuthenticators: true}
Session ID: e203f3732c8b138241190931b8a4aeaa" type="org.openqa.selenium.TimeoutException">
      <![CDATA[org.openqa.selenium.TimeoutException: Expected condition failed: waiting for presence of any elements located by By.xpath: //p[contains(@class, 'error')] (tried for 10 second(s) with 500 milliseconds interval)
Build info: version: '4.27.0', revision: 'd6e718d134'
System info: os.name: 'Windows 11', os.arch: 'amd64', os.version: '10.0', java.version: '23.0.1'
Driver info: org.openqa.selenium.chrome.ChromeDriver
Capabilities {acceptInsecureCerts: false, browserName: chrome, browserVersion: 132.0.6834.83, chrome: {chromedriverVersion: 132.0.6834.83 (03d59cf5ecf1..., userDataDir: C:\Users\SKANNI~1\AppData\L...}, fedcm:accounts: true, goog:chromeOptions: {debuggerAddress: localhost:49890}, networkConnectionEnabled: false, pageLoadStrategy: normal, platformName: windows, proxy: Proxy(), se:cdp: ws://localhost:49890/devtoo..., se:cdpVersion: 132.0.6834.83, setWindowRect: true, strictFileInteractability: false, timeouts: {implicit: 0, pageLoad: 300000, script: 30000}, unhandledPromptBehavior: dismiss and notify, webauthn:extension:credBlob: true, webauthn:extension:largeBlob: true, webauthn:extension:minPinLength: true, webauthn:extension:prf: true, webauthn:virtualAuthenticators: true}
Session ID: e203f3732c8b138241190931b8a4aeaa
at org.openqa.selenium.support.ui.WebDriverWait.timeoutException(WebDriverWait.java:84)
at org.openqa.selenium.support.ui.FluentWait.until(FluentWait.java:228)
at stepDefinition.F10_NewInsuranceNegativeCases.it_should_be_logged_out(F10_NewInsuranceNegativeCases.java:65)
at ✽.It should be logged out(file:///C:/Users/skanniyappan/git/repository/EXP_PROJECT_TEAM/src/test/resources/feature10_NewInsuranceNegativeCases.feature:12)
]]>
    </error>
  </testcase> <!-- runScenario -->
  <testcase classname="testRunner.RunnerClass" name="runScenario" time="9.257"/>
</testsuite> <!-- testRunner.RunnerClass -->
